oct 02, 2017 8:08:26 PM org.apache.catalina.core.AprLifecycleListener init
INFORMACIÓN: La biblioteca nativa de Apache Tomcat basada en ARP que permite un rendimiento óptimo en entornos de desarrollo no ha sido hallada en java.library.path: C:\Program Files\Java\jdk1.8.0_111\jre\bin;C:\WINDOWS\Sun\Java\bin;C:\WINDOWS\system32;C:\WINDOWS;C:\Users\Alumno\bin;C:\Program Files\Git\mingw64\bin;C:\Program Files\Git\usr\local\bin;C:\Program Files\Git\usr\bin;C:\Program Files\Git\usr\bin;C:\Program Files\Git\mingw64\bin;C:\Program Files\Git\usr\bin;C:\Users\Alumno\bin;C:\oraclexe\app\oracle\product\11.2.0\server\bin;C:\Program Files (x86)\Common Files\Intel\Shared Files\cpp\bin\Intel64;C:\Ruby23-x64\bin;C:\Program Files (x86)\Common Files\Intel\Shared Libraries\redist\intel64\compiler;C:\app\Alumno\product\12.1.0\dbhome_2\bin;C:\app\Alumno\product\12.1.0\dbhome_1\bin;C:\ProgramData\Oracle\Java\javapath;C:\Windows\system32;C:\Windows;C:\Windows\System32\Wbem;C:\Windows\System32\WindowsPowerShell\v1.0;C:\Program Files (x86)\NVIDIA Corporation\PhysX\Common;C:\WINDOWS\system32;C:\WINDOWS;C:\WINDOWS\System32\Wbem;C:\WINDOWS\System32\WindowsPowerShell\v1.0;C:\Program Files (x86)\QuickTime\QTSystem;C:\Program Files\Common Files\Autodesk Shared;C:\Program Files (x86)\Autodesk\Backburner;C:\Program Files (x86)\Brackets\command;C:\WINDOWS\system32\Npcap;C:\Program Files\Microsoft DNX\Dnvm;C:\Program Files\Microsoft SQL Server\130\Tools\Binn;C:\Program Files\Git\cmd;C:\Program Files\MySQL\MySQL Utilities 1.6;C:\Program Files\nodejs;C:\wamp64\bin\php\php5.6.25;C:\ProgramData\ComposerSetup\bin;C:\Program Files (x86)\GtkSharp\2.12\bin;C:\Program Files\MongoDB\Server\3.2\bin\mongo.exe;C:\Program Files (x86)\Microsoft SQL Server\Client SDK\ODBC\130\Tools\Binn;C:\Program Files (x86)\Microsoft SQL Server\130\Tools\Binn;C:\Program Files (x86)\Microsoft SQL Server\130\DTS\Binn;C:\Program Files (x86)\Microsoft SQL Server\130\Tools\Binn\ManagementStudio;C:\Program Files (x86)\IVI Foundation\VISA\WinNT\Bin;C:\Program Files\apache-maven-3.5.0\bin;C:\Program Files\Shield;C:\Program Files\Microsoft SQL Server\Client SDK\ODBC\130\Tools\Binn;C:\Program Files\Microsoft SQL Server\130\DTS\Binn;C:\Users\Alumno\AppData\Local\Programs\Python\Python35-32\Scripts;C:\Users\Alumno\AppData\Local\Programs\Python\Python35-32;C:\Users\Alumno\AppData\Local\Microsoft\WindowsApps;C:\Users\Alumno\AppData\Roaming\npm;C:\Users\Alumno\AppData\Roaming\Composer\vendor\bin;C:\Program Files\apache-maven-3.5.0\bin;C:\Program Files\Git\usr\bin\vendor_perl;C:\Program Files\Git\usr\bin\core_perl;.
oct 02, 2017 8:08:26 PM org.apache.coyote.AbstractProtocol init
INFORMACIÓN: Initializing ProtocolHandler ["http-bio-8080"]
oct 02, 2017 8:08:26 PM org.apache.coyote.AbstractProtocol init
INFORMACIÓN: Initializing ProtocolHandler ["ajp-bio-8009"]
oct 02, 2017 8:08:26 PM org.apache.openejb.util.OptionsLog info
INFORMACIÓN: Using 'tomee.force-reloadable=true'
oct 02, 2017 8:08:26 PM org.apache.openejb.util.OptionsLog info
INFORMACIÓN: Using 'tomee.remote.support=true'
oct 02, 2017 8:08:26 PM org.apache.openejb.util.OptionsLog info
INFORMACIÓN: Using 'openejb.jdbc.datasource-creator=org.apache.tomee.jdbc.TomEEDataSourceCreator'
oct 02, 2017 8:08:26 PM org.apache.openejb.OpenEJB$Instance <init>
INFORMACIÓN: ********************************************************************************
oct 02, 2017 8:08:26 PM org.apache.openejb.OpenEJB$Instance <init>
INFORMACIÓN: OpenEJB http://openejb.apache.org/
oct 02, 2017 8:08:26 PM org.apache.openejb.OpenEJB$Instance <init>
INFORMACIÓN: Startup: Mon Oct 02 20:08:26 ART 2017
oct 02, 2017 8:08:26 PM org.apache.openejb.OpenEJB$Instance <init>
INFORMACIÓN: Copyright 1999-2013 (C) Apache OpenEJB Project, All Rights Reserved.
oct 02, 2017 8:08:26 PM org.apache.openejb.OpenEJB$Instance <init>
INFORMACIÓN: Version: 4.7.0
oct 02, 2017 8:08:26 PM org.apache.openejb.OpenEJB$Instance <init>
INFORMACIÓN: Build date: 20140810
oct 02, 2017 8:08:26 PM org.apache.openejb.OpenEJB$Instance <init>
INFORMACIÓN: Build time: 12:40
oct 02, 2017 8:08:26 PM org.apache.openejb.OpenEJB$Instance <init>
INFORMACIÓN: ********************************************************************************
oct 02, 2017 8:08:26 PM org.apache.openejb.OpenEJB$Instance <init>
INFORMACIÓN: openejb.home = D:\testjee\target\apache-tomee
oct 02, 2017 8:08:26 PM org.apache.openejb.OpenEJB$Instance <init>
INFORMACIÓN: openejb.base = D:\testjee\target\apache-tomee
oct 02, 2017 8:08:26 PM org.apache.openejb.cdi.CdiBuilder initializeOWB
INFORMACIÓN: Created new singletonService org.apache.openejb.cdi.ThreadSingletonServiceImpl@2473b9ce
oct 02, 2017 8:08:26 PM org.apache.openejb.cdi.CdiBuilder initializeOWB
INFORMACIÓN: Succeeded in installing singleton service
oct 02, 2017 8:08:26 PM org.apache.openejb.config.ConfigurationFactory init
INFORMACIÓN: openejb configuration file is 'D:\testjee\target\apache-tomee\conf\tomee.xml'
oct 02, 2017 8:08:26 PM org.apache.openejb.config.ConfigurationFactory configureService
INFORMACIÓN: Configuring Service(id=Tomcat Security Service, type=SecurityService, provider-id=Tomcat Security Service)
oct 02, 2017 8:08:26 PM org.apache.openejb.config.ConfigurationFactory configureService
INFORMACIÓN: Configuring Service(id=Default Transaction Manager, type=TransactionManager, provider-id=Default Transaction Manager)
oct 02, 2017 8:08:26 PM org.apache.openejb.util.OptionsLog info
INFORMACIÓN: Using 'openejb.system.apps=true'
oct 02, 2017 8:08:26 PM org.apache.openejb.config.ConfigurationFactory configureApplication
INFORMACIÓN: Configuring enterprise application: openejb
oct 02, 2017 8:08:27 PM org.apache.openejb.config.InitEjbDeployments deploy
INFORMACIÓN: Using openejb.deploymentId.format '{ejbName}'
oct 02, 2017 8:08:27 PM org.apache.openejb.config.InitEjbDeployments deploy
INFORMACIÓN: Auto-deploying ejb openejb/Deployer: EjbDeployment(deployment-id=openejb/Deployer)
oct 02, 2017 8:08:27 PM org.apache.openejb.config.InitEjbDeployments deploy
INFORMACIÓN: Auto-deploying ejb openejb/ConfigurationInfo: EjbDeployment(deployment-id=openejb/ConfigurationInfo)
oct 02, 2017 8:08:27 PM org.apache.openejb.config.InitEjbDeployments deploy
INFORMACIÓN: Auto-deploying ejb MEJB: EjbDeployment(deployment-id=MEJB)
oct 02, 2017 8:08:27 PM org.apache.openejb.config.ConfigurationFactory configureService
INFORMACIÓN: Configuring Service(id=Default Stateless Container, type=Container, provider-id=Default Stateless Container)
oct 02, 2017 8:08:27 PM org.apache.openejb.config.AutoConfig createContainer
INFORMACIÓN: Auto-creating a container for bean openejb/Deployer: Container(type=STATELESS, id=Default Stateless Container)
oct 02, 2017 8:08:27 PM org.apache.openejb.config.AppInfoBuilder build
INFORMACIÓN: Enterprise application "openejb" loaded.
oct 02, 2017 8:08:27 PM org.apache.openejb.assembler.classic.Assembler createRecipe
INFORMACIÓN: Creating TransactionManager(id=Default Transaction Manager)
oct 02, 2017 8:08:27 PM org.apache.openejb.assembler.classic.Assembler createRecipe
INFORMACIÓN: Creating SecurityService(id=Tomcat Security Service)
oct 02, 2017 8:08:27 PM org.apache.openejb.assembler.classic.Assembler createRecipe
INFORMACIÓN: Creating Container(id=Default Stateless Container)
oct 02, 2017 8:08:27 PM org.apache.openejb.assembler.classic.Assembler createApplication
INFORMACIÓN: Assembling app: openejb
oct 02, 2017 8:08:27 PM org.apache.openejb.util.OptionsLog info
INFORMACIÓN: Using 'openejb.jndiname.format={deploymentId}{interfaceType.openejbLegacyName}'
oct 02, 2017 8:08:27 PM org.apache.openejb.assembler.classic.JndiBuilder bind
INFORMACIÓN: Jndi(name=openejb/DeployerBusinessRemote) --> Ejb(deployment-id=openejb/Deployer)
oct 02, 2017 8:08:27 PM org.apache.openejb.assembler.classic.JndiBuilder bind
INFORMACIÓN: Jndi(name=global/openejb/openejb/Deployer!org.apache.openejb.assembler.Deployer) --> Ejb(deployment-id=openejb/Deployer)
oct 02, 2017 8:08:27 PM org.apache.openejb.assembler.classic.JndiBuilder bind
INFORMACIÓN: Jndi(name=global/openejb/openejb/Deployer) --> Ejb(deployment-id=openejb/Deployer)
oct 02, 2017 8:08:27 PM org.apache.openejb.assembler.classic.JndiBuilder bind
INFORMACIÓN: Jndi(name=openejb/ConfigurationInfoBusinessRemote) --> Ejb(deployment-id=openejb/ConfigurationInfo)
oct 02, 2017 8:08:27 PM org.apache.openejb.assembler.classic.JndiBuilder bind
INFORMACIÓN: Jndi(name=global/openejb/openejb/ConfigurationInfo!org.apache.openejb.assembler.classic.cmd.ConfigurationInfo) --> Ejb(deployment-id=openejb/ConfigurationInfo)
oct 02, 2017 8:08:27 PM org.apache.openejb.assembler.classic.JndiBuilder bind
INFORMACIÓN: Jndi(name=global/openejb/openejb/ConfigurationInfo) --> Ejb(deployment-id=openejb/ConfigurationInfo)
oct 02, 2017 8:08:27 PM org.apache.openejb.assembler.classic.JndiBuilder bind
INFORMACIÓN: Jndi(name=MEJB) --> Ejb(deployment-id=MEJB)
oct 02, 2017 8:08:27 PM org.apache.openejb.assembler.classic.JndiBuilder bind
INFORMACIÓN: Jndi(name=global/openejb/MEJB!javax.management.j2ee.ManagementHome) --> Ejb(deployment-id=MEJB)
oct 02, 2017 8:08:27 PM org.apache.openejb.assembler.classic.JndiBuilder bind
INFORMACIÓN: Jndi(name=global/openejb/MEJB) --> Ejb(deployment-id=MEJB)
oct 02, 2017 8:08:27 PM org.apache.openejb.assembler.classic.Assembler startEjbs
INFORMACIÓN: Created Ejb(deployment-id=MEJB, ejb-name=MEJB, container=Default Stateless Container)
oct 02, 2017 8:08:27 PM org.apache.openejb.assembler.classic.Assembler startEjbs
INFORMACIÓN: Created Ejb(deployment-id=openejb/ConfigurationInfo, ejb-name=openejb/ConfigurationInfo, container=Default Stateless Container)
oct 02, 2017 8:08:27 PM org.apache.openejb.assembler.classic.Assembler startEjbs
INFORMACIÓN: Created Ejb(deployment-id=openejb/Deployer, ejb-name=openejb/Deployer, container=Default Stateless Container)
oct 02, 2017 8:08:27 PM org.apache.openejb.assembler.classic.Assembler startEjbs
INFORMACIÓN: Started Ejb(deployment-id=MEJB, ejb-name=MEJB, container=Default Stateless Container)
oct 02, 2017 8:08:27 PM org.apache.openejb.assembler.classic.Assembler startEjbs
INFORMACIÓN: Started Ejb(deployment-id=openejb/ConfigurationInfo, ejb-name=openejb/ConfigurationInfo, container=Default Stateless Container)
oct 02, 2017 8:08:27 PM org.apache.openejb.assembler.classic.Assembler startEjbs
INFORMACIÓN: Started Ejb(deployment-id=openejb/Deployer, ejb-name=openejb/Deployer, container=Default Stateless Container)
oct 02, 2017 8:08:27 PM org.apache.openejb.assembler.classic.Assembler deployMBean
INFORMACIÓN: Deployed MBean(openejb.user.mbeans:application=openejb,group=org.apache.openejb.assembler.monitoring,name=JMXDeployer)
oct 02, 2017 8:08:27 PM org.apache.openejb.assembler.classic.Assembler createApplication
INFORMACIÓN: Deployed Application(path=openejb)
oct 02, 2017 8:08:27 PM org.apache.openejb.server.SimpleServiceManager start
INFORMACIÓN:   ** Bound Services **
oct 02, 2017 8:08:27 PM org.apache.openejb.server.SimpleServiceManager printRow
INFORMACIÓN:   NAME                 IP              PORT  
oct 02, 2017 8:08:27 PM org.apache.openejb.server.SimpleServiceManager start
INFORMACIÓN: -------
oct 02, 2017 8:08:27 PM org.apache.openejb.server.SimpleServiceManager start
INFORMACIÓN: Ready!
oct 02, 2017 8:08:27 PM org.apache.catalina.startup.Catalina load
INFORMACIÓN: Initialization processed in 1509 ms
oct 02, 2017 8:08:27 PM org.apache.tomee.catalina.OpenEJBNamingContextListener bindResource
INFORMACIÓN: Importing a Tomcat Resource with id 'UserDatabase' of type 'org.apache.catalina.UserDatabase'.
oct 02, 2017 8:08:27 PM org.apache.openejb.assembler.classic.Assembler createRecipe
INFORMACIÓN: Creating Resource(id=UserDatabase)
oct 02, 2017 8:08:27 PM org.apache.catalina.core.StandardService startInternal
INFORMACIÓN: Arrancando servicio Catalina
oct 02, 2017 8:08:27 PM org.apache.catalina.core.StandardEngine startInternal
INFORMACIÓN: Starting Servlet Engine: Apache Tomcat (TomEE)/7.0.55 (1.7.0)
oct 02, 2017 8:08:27 PM org.apache.catalina.startup.HostConfig deployWAR
INFORMACIÓN: Despliegue del archivo D:\testjee\target\apache-tomee\webapps\ROOT.war de la aplicación web
oct 02, 2017 8:08:27 PM org.apache.tomee.catalina.TomcatWebAppBuilder init
INFORMACIÓN: ------------------------- localhost -> /
oct 02, 2017 8:08:27 PM org.apache.openejb.util.JarExtractor extract
INFORMACIÓN: Extracting jar: D:\testjee\target\apache-tomee\webapps\ROOT.war
oct 02, 2017 8:08:27 PM org.apache.openejb.util.JarExtractor extract
INFORMACIÓN: Extracted path: D:\testjee\target\apache-tomee\webapps\ROOT
oct 02, 2017 8:08:27 PM org.apache.openejb.util.OptionsLog info
INFORMACIÓN: Using 'openejb.session.manager=org.apache.tomee.catalina.session.QuickSessionManager'
oct 02, 2017 8:08:27 PM org.apache.openejb.config.ConfigurationFactory configureApplication
INFORMACIÓN: Configuring enterprise application: D:\testjee\target\apache-tomee\webapps\ROOT
oct 02, 2017 8:08:27 PM org.apache.openejb.config.ConfigurationFactory configureService
INFORMACIÓN: Configuring Service(id=Default Managed Container, type=Container, provider-id=Default Managed Container)
oct 02, 2017 8:08:27 PM org.apache.openejb.config.AutoConfig createContainer
INFORMACIÓN: Auto-creating a container for bean .Comp1944394818: Container(type=MANAGED, id=Default Managed Container)
oct 02, 2017 8:08:27 PM org.apache.openejb.assembler.classic.Assembler createRecipe
INFORMACIÓN: Creating Container(id=Default Managed Container)
oct 02, 2017 8:08:27 PM org.apache.openejb.core.managed.SimplePassivater init
INFORMACIÓN: Using directory D:\testjee\target\apache-tomee\temp for stateful session passivation
oct 02, 2017 8:08:27 PM org.apache.openejb.config.AppInfoBuilder build
INFORMACIÓN: Enterprise application "D:\testjee\target\apache-tomee\webapps\ROOT" loaded.
oct 02, 2017 8:08:27 PM org.apache.openejb.assembler.classic.Assembler createApplication
INFORMACIÓN: Assembling app: D:\testjee\target\apache-tomee\webapps\ROOT
oct 02, 2017 8:08:27 PM org.apache.openejb.cdi.CdiBuilder initSingleton
INFORMACIÓN: Existing thread singleton service in SystemInstance(): org.apache.openejb.cdi.ThreadSingletonServiceImpl@2473b9ce
oct 02, 2017 8:08:27 PM org.apache.openejb.cdi.OpenEJBLifecycle startApplication
INFORMACIÓN: OpenWebBeans Container is starting...
oct 02, 2017 8:08:27 PM org.apache.webbeans.plugins.PluginLoader startUp
INFORMACIÓN: Adding OpenWebBeansPlugin : [CdiPlugin]
oct 02, 2017 8:08:27 PM org.apache.webbeans.plugins.PluginLoader startUp
INFORMACIÓN: Adding OpenWebBeansPlugin : [OpenWebBeansJsfPlugin]
oct 02, 2017 8:08:27 PM org.apache.webbeans.config.BeansDeployer validateInjectionPoints
INFORMACIÓN: All injection points were validated successfully.
oct 02, 2017 8:08:27 PM org.apache.openejb.cdi.OpenEJBLifecycle startApplication
INFORMACIÓN: OpenWebBeans Container has started, it took 62 ms.
oct 02, 2017 8:08:27 PM org.apache.openejb.assembler.classic.Assembler createApplication
INFORMACIÓN: Deployed Application(path=D:\testjee\target\apache-tomee\webapps\ROOT)
oct 02, 2017 8:08:27 PM org.apache.catalina.deploy.WebXml setVersion
ADVERTENCIA: Unknown version string [3.1]. Default version will be used.
oct 02, 2017 8:08:27 PM org.apache.tomee.myfaces.TomEEMyFacesContainerInitializer addListener
INFORMACIÓN: Installing <listener>org.apache.myfaces.webapp.StartupServletContextListener</listener>
oct 02, 2017 8:08:27 PM org.apache.myfaces.config.DefaultFacesConfigurationProvider getStandardFacesConfig
INFORMACIÓN: Reading standard config META-INF/standard-faces-config.xml
oct 02, 2017 8:08:27 PM org.apache.myfaces.config.DefaultFacesConfigurationProvider getWebAppFacesConfig
INFORMACIÓN: Reading config /WEB-INF/faces-config.xml
oct 02, 2017 8:08:27 PM org.apache.myfaces.config.DefaultFacesConfigurationProvider getClassloaderFacesConfig
INFORMACIÓN: Reading config : jar:file:/D:/testjee/target/apache-tomee/lib/openwebbeans-el22-1.2.6.jar!/META-INF/faces-config.xml
oct 02, 2017 8:08:27 PM org.apache.myfaces.config.DefaultFacesConfigurationProvider getClassloaderFacesConfig
INFORMACIÓN: Reading config : jar:file:/D:/testjee/target/apache-tomee/lib/openwebbeans-jsf-1.2.6.jar!/META-INF/faces-config.xml
oct 02, 2017 8:08:27 PM org.apache.myfaces.config.LogMetaInfUtils logArtifact
INFORMACIÓN: Artifact 'myfaces-api' was found in version '2.1.15' from path 'file:/D:/testjee/target/apache-tomee/lib/myfaces-api-2.1.15.jar'
oct 02, 2017 8:08:27 PM org.apache.myfaces.config.LogMetaInfUtils logArtifact
INFORMACIÓN: Artifact 'myfaces-impl' was found in version '2.1.15' from path 'file:/D:/testjee/target/apache-tomee/lib/myfaces-impl-2.1.15.jar'
oct 02, 2017 8:08:27 PM org.apache.myfaces.util.ExternalSpecifications isBeanValidationAvailable
INFORMACIÓN: MyFaces Bean Validation support enabled
oct 02, 2017 8:08:28 PM org.apache.myfaces.application.ApplicationImpl getProjectStage
INFORMACIÓN: Couldn't discover the current project stage, using Production
oct 02, 2017 8:08:28 PM org.apache.myfaces.config.FacesConfigurator handleSerialFactory
INFORMACIÓN: Serialization provider : class org.apache.myfaces.shared_impl.util.serial.DefaultSerialFactory
oct 02, 2017 8:08:28 PM org.apache.myfaces.config.annotation.DefaultLifecycleProviderFactory getLifecycleProvider
INFORMACIÓN: Using LifecycleProvider org.apache.myfaces.config.annotation.Tomcat7AnnotationLifecycleProvider
oct 02, 2017 8:08:28 PM org.apache.myfaces.webapp.AbstractFacesInitializer initFaces
INFORMACIÓN: ServletContext initialized.
oct 02, 2017 8:08:28 PM org.apache.myfaces.util.ExternalSpecifications isUnifiedELAvailable
INFORMACIÓN: MyFaces Unified EL support enabled
oct 02, 2017 8:08:28 PM org.apache.catalina.startup.HostConfig deployWAR
INFORMACIÓN: Deployment of web application archive D:\testjee\target\apache-tomee\webapps\ROOT.war has finished in 844 ms
oct 02, 2017 8:08:28 PM org.apache.coyote.AbstractProtocol start
INFORMACIÓN: Starting ProtocolHandler ["http-bio-8080"]
oct 02, 2017 8:08:28 PM org.apache.coyote.AbstractProtocol start
INFORMACIÓN: Starting ProtocolHandler ["ajp-bio-8009"]
oct 02, 2017 8:08:28 PM org.apache.catalina.startup.Catalina start
INFORMACIÓN: Server startup in 891 ms
oct 02, 2017 8:08:40 PM org.apache.catalina.core.StandardContext reload
INFORMACIÓN: Ha comenzado la recarga de Contexto []
oct 02, 2017 8:08:40 PM org.apache.openejb.assembler.classic.Assembler destroyApplication
INFORMACIÓN: Undeploying app: D:\testjee\target\apache-tomee\webapps\ROOT
oct 02, 2017 8:08:41 PM org.apache.openejb.config.ConfigurationFactory configureApplication
INFORMACIÓN: Configuring enterprise application: D:\testjee\target\apache-tomee\webapps\ROOT
oct 02, 2017 8:08:41 PM org.apache.openejb.config.AppInfoBuilder build
INFORMACIÓN: Enterprise application "D:\testjee\target\apache-tomee\webapps\ROOT" loaded.
oct 02, 2017 8:08:41 PM org.apache.openejb.assembler.classic.Assembler createApplication
INFORMACIÓN: Assembling app: D:\testjee\target\apache-tomee\webapps\ROOT
oct 02, 2017 8:08:41 PM org.apache.openejb.cdi.CdiBuilder initSingleton
INFORMACIÓN: Existing thread singleton service in SystemInstance(): org.apache.openejb.cdi.ThreadSingletonServiceImpl@2473b9ce
oct 02, 2017 8:08:41 PM org.apache.openejb.cdi.OpenEJBLifecycle startApplication
INFORMACIÓN: OpenWebBeans Container is starting...
oct 02, 2017 8:08:41 PM org.apache.openejb.cdi.OpenEJBLifecycle startApplication
INFORMACIÓN: OpenWebBeans Container has started, it took 8 ms.
oct 02, 2017 8:08:41 PM org.apache.openejb.assembler.classic.Assembler createApplication
INFORMACIÓN: Deployed Application(path=D:\testjee\target\apache-tomee\webapps\ROOT)
oct 02, 2017 8:08:41 PM org.apache.tomee.myfaces.TomEEMyFacesContainerInitializer addListener
INFORMACIÓN: Installing <listener>org.apache.myfaces.webapp.StartupServletContextListener</listener>
oct 02, 2017 8:08:41 PM org.apache.catalina.core.StandardContext reload
INFORMACIÓN: Se ha completado la recarga de este Contexto
oct 02, 2017 8:23:25 PM org.apache.catalina.core.StandardContext reload
INFORMACIÓN: Ha comenzado la recarga de Contexto []
oct 02, 2017 8:23:25 PM org.apache.openejb.assembler.classic.Assembler destroyApplication
INFORMACIÓN: Undeploying app: D:\testjee\target\apache-tomee\webapps\ROOT
oct 02, 2017 8:23:26 PM org.apache.openejb.config.ConfigurationFactory configureApplication
INFORMACIÓN: Configuring enterprise application: D:\testjee\target\apache-tomee\webapps\ROOT
oct 02, 2017 8:23:26 PM org.apache.openejb.config.AppInfoBuilder build
INFORMACIÓN: Enterprise application "D:\testjee\target\apache-tomee\webapps\ROOT" loaded.
oct 02, 2017 8:23:26 PM org.apache.openejb.assembler.classic.Assembler createApplication
INFORMACIÓN: Assembling app: D:\testjee\target\apache-tomee\webapps\ROOT
oct 02, 2017 8:23:26 PM org.apache.openejb.cdi.CdiBuilder initSingleton
INFORMACIÓN: Existing thread singleton service in SystemInstance(): org.apache.openejb.cdi.ThreadSingletonServiceImpl@2473b9ce
oct 02, 2017 8:23:26 PM org.apache.openejb.cdi.OpenEJBLifecycle startApplication
INFORMACIÓN: OpenWebBeans Container is starting...
oct 02, 2017 8:23:26 PM org.apache.openejb.cdi.OpenEJBLifecycle startApplication
INFORMACIÓN: OpenWebBeans Container has started, it took 16 ms.
oct 02, 2017 8:23:26 PM org.apache.openejb.assembler.classic.Assembler createApplication
INFORMACIÓN: Deployed Application(path=D:\testjee\target\apache-tomee\webapps\ROOT)
oct 02, 2017 8:23:26 PM org.apache.tomee.myfaces.TomEEMyFacesContainerInitializer addListener
INFORMACIÓN: Installing <listener>org.apache.myfaces.webapp.StartupServletContextListener</listener>
oct 02, 2017 8:23:26 PM org.apache.catalina.core.StandardContext reload
INFORMACIÓN: Se ha completado la recarga de este Contexto
oct 02, 2017 8:25:40 PM org.apache.catalina.core.StandardContext reload
INFORMACIÓN: Ha comenzado la recarga de Contexto []
oct 02, 2017 8:25:40 PM org.apache.openejb.assembler.classic.Assembler destroyApplication
INFORMACIÓN: Undeploying app: D:\testjee\target\apache-tomee\webapps\ROOT
oct 02, 2017 8:25:41 PM org.apache.openejb.config.ConfigurationFactory configureApplication
INFORMACIÓN: Configuring enterprise application: D:\testjee\target\apache-tomee\webapps\ROOT
oct 02, 2017 8:25:41 PM org.apache.openejb.config.AppInfoBuilder build
INFORMACIÓN: Enterprise application "D:\testjee\target\apache-tomee\webapps\ROOT" loaded.
oct 02, 2017 8:25:41 PM org.apache.openejb.assembler.classic.Assembler createApplication
INFORMACIÓN: Assembling app: D:\testjee\target\apache-tomee\webapps\ROOT
oct 02, 2017 8:25:41 PM org.apache.openejb.cdi.CdiBuilder initSingleton
INFORMACIÓN: Existing thread singleton service in SystemInstance(): org.apache.openejb.cdi.ThreadSingletonServiceImpl@2473b9ce
oct 02, 2017 8:25:41 PM org.apache.openejb.cdi.OpenEJBLifecycle startApplication
INFORMACIÓN: OpenWebBeans Container is starting...
oct 02, 2017 8:25:41 PM org.apache.openejb.cdi.OpenEJBLifecycle startApplication
INFORMACIÓN: OpenWebBeans Container has started, it took 15 ms.
oct 02, 2017 8:25:41 PM org.apache.openejb.assembler.classic.Assembler createApplication
INFORMACIÓN: Deployed Application(path=D:\testjee\target\apache-tomee\webapps\ROOT)
oct 02, 2017 8:25:41 PM org.apache.tomee.myfaces.TomEEMyFacesContainerInitializer addListener
INFORMACIÓN: Installing <listener>org.apache.myfaces.webapp.StartupServletContextListener</listener>
oct 02, 2017 8:25:41 PM org.apache.catalina.core.StandardContext reload
INFORMACIÓN: Se ha completado la recarga de este Contexto
oct 02, 2017 8:25:50 PM org.apache.catalina.core.StandardContext reload
INFORMACIÓN: Ha comenzado la recarga de Contexto []
oct 02, 2017 8:25:50 PM org.apache.openejb.assembler.classic.Assembler destroyApplication
INFORMACIÓN: Undeploying app: D:\testjee\target\apache-tomee\webapps\ROOT
oct 02, 2017 8:25:51 PM org.apache.openejb.config.ConfigurationFactory configureApplication
INFORMACIÓN: Configuring enterprise application: D:\testjee\target\apache-tomee\webapps\ROOT
oct 02, 2017 8:25:51 PM org.apache.openejb.config.AppInfoBuilder build
INFORMACIÓN: Enterprise application "D:\testjee\target\apache-tomee\webapps\ROOT" loaded.
oct 02, 2017 8:25:51 PM org.apache.openejb.assembler.classic.Assembler createApplication
INFORMACIÓN: Assembling app: D:\testjee\target\apache-tomee\webapps\ROOT
oct 02, 2017 8:25:51 PM org.apache.openejb.cdi.CdiBuilder initSingleton
INFORMACIÓN: Existing thread singleton service in SystemInstance(): org.apache.openejb.cdi.ThreadSingletonServiceImpl@2473b9ce
oct 02, 2017 8:25:51 PM org.apache.openejb.cdi.OpenEJBLifecycle startApplication
INFORMACIÓN: OpenWebBeans Container is starting...
oct 02, 2017 8:25:51 PM org.apache.openejb.cdi.OpenEJBLifecycle startApplication
INFORMACIÓN: OpenWebBeans Container has started, it took 0 ms.
oct 02, 2017 8:25:51 PM org.apache.openejb.assembler.classic.Assembler createApplication
INFORMACIÓN: Deployed Application(path=D:\testjee\target\apache-tomee\webapps\ROOT)
oct 02, 2017 8:25:51 PM org.apache.tomee.myfaces.TomEEMyFacesContainerInitializer addListener
INFORMACIÓN: Installing <listener>org.apache.myfaces.webapp.StartupServletContextListener</listener>
oct 02, 2017 8:25:51 PM org.apache.catalina.core.StandardContext reload
INFORMACIÓN: Se ha completado la recarga de este Contexto
oct 02, 2017 8:26:05 PM org.apache.catalina.core.StandardContext reload
INFORMACIÓN: Ha comenzado la recarga de Contexto []
oct 02, 2017 8:26:05 PM org.apache.openejb.assembler.classic.Assembler destroyApplication
INFORMACIÓN: Undeploying app: D:\testjee\target\apache-tomee\webapps\ROOT
oct 02, 2017 8:26:06 PM org.apache.openejb.config.ConfigurationFactory configureApplication
INFORMACIÓN: Configuring enterprise application: D:\testjee\target\apache-tomee\webapps\ROOT
oct 02, 2017 8:26:06 PM org.apache.openejb.config.AppInfoBuilder build
INFORMACIÓN: Enterprise application "D:\testjee\target\apache-tomee\webapps\ROOT" loaded.
oct 02, 2017 8:26:06 PM org.apache.openejb.assembler.classic.Assembler createApplication
INFORMACIÓN: Assembling app: D:\testjee\target\apache-tomee\webapps\ROOT
oct 02, 2017 8:26:06 PM org.apache.openejb.cdi.CdiBuilder initSingleton
INFORMACIÓN: Existing thread singleton service in SystemInstance(): org.apache.openejb.cdi.ThreadSingletonServiceImpl@2473b9ce
oct 02, 2017 8:26:06 PM org.apache.openejb.cdi.OpenEJBLifecycle startApplication
INFORMACIÓN: OpenWebBeans Container is starting...
oct 02, 2017 8:26:06 PM org.apache.openejb.cdi.OpenEJBLifecycle startApplication
INFORMACIÓN: OpenWebBeans Container has started, it took 15 ms.
oct 02, 2017 8:26:06 PM org.apache.openejb.assembler.classic.Assembler createApplication
INFORMACIÓN: Deployed Application(path=D:\testjee\target\apache-tomee\webapps\ROOT)
oct 02, 2017 8:26:06 PM org.apache.tomee.myfaces.TomEEMyFacesContainerInitializer addListener
INFORMACIÓN: Installing <listener>org.apache.myfaces.webapp.StartupServletContextListener</listener>
oct 02, 2017 8:26:06 PM org.apache.catalina.core.StandardContext reload
INFORMACIÓN: Se ha completado la recarga de este Contexto
oct 02, 2017 8:26:45 PM org.apache.catalina.core.StandardContext reload
INFORMACIÓN: Ha comenzado la recarga de Contexto []
oct 02, 2017 8:26:45 PM org.apache.openejb.assembler.classic.Assembler destroyApplication
INFORMACIÓN: Undeploying app: D:\testjee\target\apache-tomee\webapps\ROOT
oct 02, 2017 8:26:46 PM org.apache.openejb.config.ConfigurationFactory configureApplication
INFORMACIÓN: Configuring enterprise application: D:\testjee\target\apache-tomee\webapps\ROOT
oct 02, 2017 8:26:46 PM org.apache.openejb.config.AppInfoBuilder build
INFORMACIÓN: Enterprise application "D:\testjee\target\apache-tomee\webapps\ROOT" loaded.
oct 02, 2017 8:26:46 PM org.apache.openejb.assembler.classic.Assembler createApplication
INFORMACIÓN: Assembling app: D:\testjee\target\apache-tomee\webapps\ROOT
oct 02, 2017 8:26:46 PM org.apache.openejb.cdi.CdiBuilder initSingleton
INFORMACIÓN: Existing thread singleton service in SystemInstance(): org.apache.openejb.cdi.ThreadSingletonServiceImpl@2473b9ce
oct 02, 2017 8:26:46 PM org.apache.openejb.cdi.OpenEJBLifecycle startApplication
INFORMACIÓN: OpenWebBeans Container is starting...
oct 02, 2017 8:26:46 PM org.apache.openejb.cdi.OpenEJBLifecycle startApplication
INFORMACIÓN: OpenWebBeans Container has started, it took 0 ms.
oct 02, 2017 8:26:46 PM org.apache.openejb.assembler.classic.Assembler createApplication
INFORMACIÓN: Deployed Application(path=D:\testjee\target\apache-tomee\webapps\ROOT)
oct 02, 2017 8:26:46 PM org.apache.tomee.myfaces.TomEEMyFacesContainerInitializer addListener
INFORMACIÓN: Installing <listener>org.apache.myfaces.webapp.StartupServletContextListener</listener>
oct 02, 2017 8:26:46 PM org.apache.catalina.core.StandardContext reload
INFORMACIÓN: Se ha completado la recarga de este Contexto
oct 02, 2017 8:26:50 PM org.apache.catalina.core.StandardContext reload
INFORMACIÓN: Ha comenzado la recarga de Contexto []
oct 02, 2017 8:26:50 PM org.apache.openejb.assembler.classic.Assembler destroyApplication
INFORMACIÓN: Undeploying app: D:\testjee\target\apache-tomee\webapps\ROOT
oct 02, 2017 8:26:51 PM org.apache.openejb.config.ConfigurationFactory configureApplication
INFORMACIÓN: Configuring enterprise application: D:\testjee\target\apache-tomee\webapps\ROOT
oct 02, 2017 8:26:51 PM org.apache.openejb.config.AppInfoBuilder build
INFORMACIÓN: Enterprise application "D:\testjee\target\apache-tomee\webapps\ROOT" loaded.
oct 02, 2017 8:26:51 PM org.apache.openejb.assembler.classic.Assembler createApplication
INFORMACIÓN: Assembling app: D:\testjee\target\apache-tomee\webapps\ROOT
oct 02, 2017 8:26:51 PM org.apache.openejb.cdi.CdiBuilder initSingleton
INFORMACIÓN: Existing thread singleton service in SystemInstance(): org.apache.openejb.cdi.ThreadSingletonServiceImpl@2473b9ce
oct 02, 2017 8:26:51 PM org.apache.openejb.cdi.OpenEJBLifecycle startApplication
INFORMACIÓN: OpenWebBeans Container is starting...
oct 02, 2017 8:26:51 PM org.apache.openejb.cdi.OpenEJBLifecycle startApplication
INFORMACIÓN: OpenWebBeans Container has started, it took 16 ms.
oct 02, 2017 8:26:51 PM org.apache.openejb.assembler.classic.Assembler createApplication
INFORMACIÓN: Deployed Application(path=D:\testjee\target\apache-tomee\webapps\ROOT)
oct 02, 2017 8:26:51 PM org.apache.tomee.myfaces.TomEEMyFacesContainerInitializer addListener
INFORMACIÓN: Installing <listener>org.apache.myfaces.webapp.StartupServletContextListener</listener>
oct 02, 2017 8:26:51 PM org.apache.catalina.core.StandardContext reload
INFORMACIÓN: Se ha completado la recarga de este Contexto
oct 02, 2017 8:26:55 PM org.apache.catalina.core.StandardContext reload
INFORMACIÓN: Ha comenzado la recarga de Contexto []
oct 02, 2017 8:26:55 PM org.apache.openejb.assembler.classic.Assembler destroyApplication
INFORMACIÓN: Undeploying app: D:\testjee\target\apache-tomee\webapps\ROOT
oct 02, 2017 8:26:56 PM org.apache.openejb.config.ConfigurationFactory configureApplication
INFORMACIÓN: Configuring enterprise application: D:\testjee\target\apache-tomee\webapps\ROOT
oct 02, 2017 8:26:56 PM org.apache.openejb.config.InitEjbDeployments deploy
INFORMACIÓN: Auto-deploying ejb MyEJB: EjbDeployment(deployment-id=MyEJB)
oct 02, 2017 8:26:56 PM org.apache.openejb.config.AppInfoBuilder build
INFORMACIÓN: Enterprise application "D:\testjee\target\apache-tomee\webapps\ROOT" loaded.
oct 02, 2017 8:26:56 PM org.apache.openejb.assembler.classic.Assembler createApplication
INFORMACIÓN: Assembling app: D:\testjee\target\apache-tomee\webapps\ROOT
oct 02, 2017 8:26:56 PM org.apache.openejb.assembler.classic.JndiBuilder bind
INFORMACIÓN: Jndi(name=MyEJBLocalBean) --> Ejb(deployment-id=MyEJB)
oct 02, 2017 8:26:56 PM org.apache.openejb.assembler.classic.JndiBuilder bind
INFORMACIÓN: Jndi(name=global//MyEJB!controller.MyEJB) --> Ejb(deployment-id=MyEJB)
oct 02, 2017 8:26:56 PM org.apache.openejb.assembler.classic.JndiBuilder bind
INFORMACIÓN: Jndi(name=global//MyEJB) --> Ejb(deployment-id=MyEJB)
oct 02, 2017 8:26:56 PM org.apache.openejb.cdi.CdiBuilder initSingleton
INFORMACIÓN: Existing thread singleton service in SystemInstance(): org.apache.openejb.cdi.ThreadSingletonServiceImpl@2473b9ce
oct 02, 2017 8:26:56 PM org.apache.openejb.cdi.OpenEJBLifecycle startApplication
INFORMACIÓN: OpenWebBeans Container is starting...
oct 02, 2017 8:26:56 PM org.apache.openejb.cdi.OpenEJBLifecycle startApplication
INFORMACIÓN: OpenWebBeans Container has started, it took 0 ms.
oct 02, 2017 8:26:56 PM org.apache.openejb.assembler.classic.Assembler startEjbs
INFORMACIÓN: Created Ejb(deployment-id=MyEJB, ejb-name=MyEJB, container=Default Stateless Container)
oct 02, 2017 8:26:56 PM org.apache.openejb.assembler.classic.Assembler startEjbs
INFORMACIÓN: Started Ejb(deployment-id=MyEJB, ejb-name=MyEJB, container=Default Stateless Container)
oct 02, 2017 8:26:56 PM org.apache.openejb.assembler.classic.Assembler createApplication
INFORMACIÓN: Deployed Application(path=D:\testjee\target\apache-tomee\webapps\ROOT)
oct 02, 2017 8:26:56 PM org.apache.tomee.myfaces.TomEEMyFacesContainerInitializer addListener
INFORMACIÓN: Installing <listener>org.apache.myfaces.webapp.StartupServletContextListener</listener>
oct 02, 2017 8:26:56 PM org.apache.catalina.core.StandardContext reload
INFORMACIÓN: Se ha completado la recarga de este Contexto
oct 02, 2017 8:27:05 PM org.apache.catalina.core.StandardContext reload
INFORMACIÓN: Ha comenzado la recarga de Contexto []
oct 02, 2017 8:27:05 PM org.apache.openejb.assembler.classic.Assembler destroyApplication
INFORMACIÓN: Undeploying app: D:\testjee\target\apache-tomee\webapps\ROOT
oct 02, 2017 8:27:06 PM org.apache.openejb.config.ConfigurationFactory configureApplication
INFORMACIÓN: Configuring enterprise application: D:\testjee\target\apache-tomee\webapps\ROOT
oct 02, 2017 8:27:06 PM org.apache.openejb.config.InitEjbDeployments deploy
INFORMACIÓN: Auto-deploying ejb MyEJB: EjbDeployment(deployment-id=MyEJB)
oct 02, 2017 8:27:06 PM org.apache.openejb.config.AppInfoBuilder build
INFORMACIÓN: Enterprise application "D:\testjee\target\apache-tomee\webapps\ROOT" loaded.
oct 02, 2017 8:27:06 PM org.apache.openejb.assembler.classic.Assembler createApplication
INFORMACIÓN: Assembling app: D:\testjee\target\apache-tomee\webapps\ROOT
oct 02, 2017 8:27:06 PM org.apache.openejb.assembler.classic.JndiBuilder bind
INFORMACIÓN: Jndi(name=MyEJBLocalBean) --> Ejb(deployment-id=MyEJB)
oct 02, 2017 8:27:06 PM org.apache.openejb.assembler.classic.JndiBuilder bind
INFORMACIÓN: Jndi(name=global//MyEJB!controller.MyEJB) --> Ejb(deployment-id=MyEJB)
oct 02, 2017 8:27:06 PM org.apache.openejb.assembler.classic.JndiBuilder bind
INFORMACIÓN: Jndi(name=global//MyEJB) --> Ejb(deployment-id=MyEJB)
oct 02, 2017 8:27:06 PM org.apache.openejb.cdi.CdiBuilder initSingleton
INFORMACIÓN: Existing thread singleton service in SystemInstance(): org.apache.openejb.cdi.ThreadSingletonServiceImpl@2473b9ce
oct 02, 2017 8:27:06 PM org.apache.openejb.cdi.OpenEJBLifecycle startApplication
INFORMACIÓN: OpenWebBeans Container is starting...
oct 02, 2017 8:27:06 PM org.apache.openejb.cdi.OpenEJBLifecycle startApplication
INFORMACIÓN: OpenWebBeans Container has started, it took 15 ms.
oct 02, 2017 8:27:06 PM org.apache.openejb.assembler.classic.Assembler startEjbs
INFORMACIÓN: Created Ejb(deployment-id=MyEJB, ejb-name=MyEJB, container=Default Stateless Container)
oct 02, 2017 8:27:06 PM org.apache.openejb.assembler.classic.Assembler startEjbs
INFORMACIÓN: Started Ejb(deployment-id=MyEJB, ejb-name=MyEJB, container=Default Stateless Container)
oct 02, 2017 8:27:06 PM org.apache.openejb.assembler.classic.Assembler createApplication
INFORMACIÓN: Deployed Application(path=D:\testjee\target\apache-tomee\webapps\ROOT)
oct 02, 2017 8:27:06 PM org.apache.tomee.myfaces.TomEEMyFacesContainerInitializer addListener
INFORMACIÓN: Installing <listener>org.apache.myfaces.webapp.StartupServletContextListener</listener>
oct 02, 2017 8:27:06 PM org.apache.catalina.core.StandardContext reload
INFORMACIÓN: Se ha completado la recarga de este Contexto
oct 02, 2017 8:27:15 PM org.apache.catalina.core.StandardContext reload
INFORMACIÓN: Ha comenzado la recarga de Contexto []
oct 02, 2017 8:27:15 PM org.apache.openejb.assembler.classic.Assembler destroyApplication
INFORMACIÓN: Undeploying app: D:\testjee\target\apache-tomee\webapps\ROOT
oct 02, 2017 8:27:16 PM org.apache.openejb.config.ConfigurationFactory configureApplication
INFORMACIÓN: Configuring enterprise application: D:\testjee\target\apache-tomee\webapps\ROOT
oct 02, 2017 8:27:16 PM org.apache.openejb.config.InitEjbDeployments deploy
INFORMACIÓN: Auto-deploying ejb MyEJB: EjbDeployment(deployment-id=MyEJB)
oct 02, 2017 8:27:16 PM org.apache.openejb.config.AppInfoBuilder build
INFORMACIÓN: Enterprise application "D:\testjee\target\apache-tomee\webapps\ROOT" loaded.
oct 02, 2017 8:27:16 PM org.apache.openejb.assembler.classic.Assembler createApplication
INFORMACIÓN: Assembling app: D:\testjee\target\apache-tomee\webapps\ROOT
oct 02, 2017 8:27:16 PM org.apache.openejb.assembler.classic.JndiBuilder bind
INFORMACIÓN: Jndi(name=MyEJBLocalBean) --> Ejb(deployment-id=MyEJB)
oct 02, 2017 8:27:16 PM org.apache.openejb.assembler.classic.JndiBuilder bind
INFORMACIÓN: Jndi(name=global//MyEJB!controller.MyEJB) --> Ejb(deployment-id=MyEJB)
oct 02, 2017 8:27:16 PM org.apache.openejb.assembler.classic.JndiBuilder bind
INFORMACIÓN: Jndi(name=global//MyEJB) --> Ejb(deployment-id=MyEJB)
oct 02, 2017 8:27:16 PM org.apache.openejb.cdi.CdiBuilder initSingleton
INFORMACIÓN: Existing thread singleton service in SystemInstance(): org.apache.openejb.cdi.ThreadSingletonServiceImpl@2473b9ce
oct 02, 2017 8:27:16 PM org.apache.openejb.cdi.OpenEJBLifecycle startApplication
INFORMACIÓN: OpenWebBeans Container is starting...
oct 02, 2017 8:27:16 PM org.apache.openejb.cdi.OpenEJBLifecycle startApplication
INFORMACIÓN: OpenWebBeans Container has started, it took 0 ms.
oct 02, 2017 8:27:16 PM org.apache.openejb.assembler.classic.Assembler startEjbs
INFORMACIÓN: Created Ejb(deployment-id=MyEJB, ejb-name=MyEJB, container=Default Stateless Container)
oct 02, 2017 8:27:16 PM org.apache.openejb.assembler.classic.Assembler startEjbs
INFORMACIÓN: Started Ejb(deployment-id=MyEJB, ejb-name=MyEJB, container=Default Stateless Container)
oct 02, 2017 8:27:16 PM org.apache.openejb.assembler.classic.Assembler createApplication
INFORMACIÓN: Deployed Application(path=D:\testjee\target\apache-tomee\webapps\ROOT)
oct 02, 2017 8:27:16 PM org.apache.tomee.myfaces.TomEEMyFacesContainerInitializer addListener
INFORMACIÓN: Installing <listener>org.apache.myfaces.webapp.StartupServletContextListener</listener>
oct 02, 2017 8:27:16 PM org.apache.catalina.core.StandardContext reload
INFORMACIÓN: Se ha completado la recarga de este Contexto
oct 02, 2017 8:28:35 PM org.apache.catalina.core.StandardContext reload
INFORMACIÓN: Ha comenzado la recarga de Contexto []
oct 02, 2017 8:28:35 PM org.apache.openejb.assembler.classic.Assembler destroyApplication
INFORMACIÓN: Undeploying app: D:\testjee\target\apache-tomee\webapps\ROOT
oct 02, 2017 8:28:36 PM org.apache.openejb.config.ConfigurationFactory configureApplication
INFORMACIÓN: Configuring enterprise application: D:\testjee\target\apache-tomee\webapps\ROOT
oct 02, 2017 8:28:36 PM org.apache.openejb.config.InitEjbDeployments deploy
INFORMACIÓN: Auto-deploying ejb MyEJB: EjbDeployment(deployment-id=MyEJB)
oct 02, 2017 8:28:36 PM org.apache.openejb.config.AppInfoBuilder build
INFORMACIÓN: Enterprise application "D:\testjee\target\apache-tomee\webapps\ROOT" loaded.
oct 02, 2017 8:28:36 PM org.apache.openejb.assembler.classic.Assembler createApplication
INFORMACIÓN: Assembling app: D:\testjee\target\apache-tomee\webapps\ROOT
oct 02, 2017 8:28:36 PM org.apache.openejb.assembler.classic.JndiBuilder bind
INFORMACIÓN: Jndi(name=MyEJBLocalBean) --> Ejb(deployment-id=MyEJB)
oct 02, 2017 8:28:36 PM org.apache.openejb.assembler.classic.JndiBuilder bind
INFORMACIÓN: Jndi(name=global//MyEJB!controller.MyEJB) --> Ejb(deployment-id=MyEJB)
oct 02, 2017 8:28:36 PM org.apache.openejb.assembler.classic.JndiBuilder bind
INFORMACIÓN: Jndi(name=global//MyEJB) --> Ejb(deployment-id=MyEJB)
oct 02, 2017 8:28:36 PM org.apache.openejb.cdi.CdiBuilder initSingleton
INFORMACIÓN: Existing thread singleton service in SystemInstance(): org.apache.openejb.cdi.ThreadSingletonServiceImpl@2473b9ce
oct 02, 2017 8:28:36 PM org.apache.openejb.cdi.OpenEJBLifecycle startApplication
INFORMACIÓN: OpenWebBeans Container is starting...
oct 02, 2017 8:28:36 PM org.apache.openejb.cdi.OpenEJBLifecycle startApplication
INFORMACIÓN: OpenWebBeans Container has started, it took 7 ms.
oct 02, 2017 8:28:36 PM org.apache.openejb.assembler.classic.Assembler startEjbs
INFORMACIÓN: Created Ejb(deployment-id=MyEJB, ejb-name=MyEJB, container=Default Stateless Container)
oct 02, 2017 8:28:36 PM org.apache.openejb.assembler.classic.Assembler startEjbs
INFORMACIÓN: Started Ejb(deployment-id=MyEJB, ejb-name=MyEJB, container=Default Stateless Container)
oct 02, 2017 8:28:36 PM org.apache.openejb.assembler.classic.Assembler createApplication
INFORMACIÓN: Deployed Application(path=D:\testjee\target\apache-tomee\webapps\ROOT)
oct 02, 2017 8:28:36 PM org.apache.tomee.myfaces.TomEEMyFacesContainerInitializer addListener
INFORMACIÓN: Installing <listener>org.apache.myfaces.webapp.StartupServletContextListener</listener>
oct 02, 2017 8:28:36 PM org.apache.catalina.core.StandardContext reload
INFORMACIÓN: Se ha completado la recarga de este Contexto
oct 02, 2017 8:38:25 PM org.apache.catalina.core.StandardContext reload
INFORMACIÓN: Ha comenzado la recarga de Contexto []
oct 02, 2017 8:38:25 PM org.apache.openejb.assembler.classic.Assembler destroyApplication
INFORMACIÓN: Undeploying app: D:\testjee\target\apache-tomee\webapps\ROOT
oct 02, 2017 8:38:26 PM org.apache.openejb.config.ConfigurationFactory configureApplication
INFORMACIÓN: Configuring enterprise application: D:\testjee\target\apache-tomee\webapps\ROOT
oct 02, 2017 8:38:26 PM org.apache.openejb.config.InitEjbDeployments deploy
INFORMACIÓN: Auto-deploying ejb MyEJB: EjbDeployment(deployment-id=MyEJB)
oct 02, 2017 8:38:26 PM org.apache.openejb.config.AppInfoBuilder build
INFORMACIÓN: Enterprise application "D:\testjee\target\apache-tomee\webapps\ROOT" loaded.
oct 02, 2017 8:38:26 PM org.apache.openejb.assembler.classic.Assembler createApplication
INFORMACIÓN: Assembling app: D:\testjee\target\apache-tomee\webapps\ROOT
oct 02, 2017 8:38:26 PM org.apache.openejb.assembler.classic.JndiBuilder bind
INFORMACIÓN: Jndi(name=MyEJBLocalBean) --> Ejb(deployment-id=MyEJB)
oct 02, 2017 8:38:26 PM org.apache.openejb.assembler.classic.JndiBuilder bind
INFORMACIÓN: Jndi(name=global//MyEJB!controller.MyEJB) --> Ejb(deployment-id=MyEJB)
oct 02, 2017 8:38:26 PM org.apache.openejb.assembler.classic.JndiBuilder bind
INFORMACIÓN: Jndi(name=global//MyEJB) --> Ejb(deployment-id=MyEJB)
oct 02, 2017 8:38:26 PM org.apache.openejb.cdi.CdiBuilder initSingleton
INFORMACIÓN: Existing thread singleton service in SystemInstance(): org.apache.openejb.cdi.ThreadSingletonServiceImpl@2473b9ce
oct 02, 2017 8:38:26 PM org.apache.openejb.cdi.OpenEJBLifecycle startApplication
INFORMACIÓN: OpenWebBeans Container is starting...
oct 02, 2017 8:38:26 PM org.apache.openejb.cdi.OpenEJBLifecycle startApplication
INFORMACIÓN: OpenWebBeans Container has started, it took 16 ms.
oct 02, 2017 8:38:26 PM org.apache.openejb.assembler.classic.Assembler startEjbs
INFORMACIÓN: Created Ejb(deployment-id=MyEJB, ejb-name=MyEJB, container=Default Stateless Container)
oct 02, 2017 8:38:26 PM org.apache.openejb.assembler.classic.Assembler startEjbs
INFORMACIÓN: Started Ejb(deployment-id=MyEJB, ejb-name=MyEJB, container=Default Stateless Container)
oct 02, 2017 8:38:26 PM org.apache.openejb.assembler.classic.Assembler createApplication
INFORMACIÓN: Deployed Application(path=D:\testjee\target\apache-tomee\webapps\ROOT)
oct 02, 2017 8:38:26 PM org.apache.tomee.myfaces.TomEEMyFacesContainerInitializer addListener
INFORMACIÓN: Installing <listener>org.apache.myfaces.webapp.StartupServletContextListener</listener>
oct 02, 2017 8:38:26 PM org.apache.catalina.core.StandardContext reload
INFORMACIÓN: Se ha completado la recarga de este Contexto
oct 02, 2017 8:38:45 PM org.apache.catalina.core.StandardContext reload
INFORMACIÓN: Ha comenzado la recarga de Contexto []
oct 02, 2017 8:38:45 PM org.apache.openejb.assembler.classic.Assembler destroyApplication
INFORMACIÓN: Undeploying app: D:\testjee\target\apache-tomee\webapps\ROOT
oct 02, 2017 8:38:46 PM org.apache.openejb.config.ConfigurationFactory configureApplication
INFORMACIÓN: Configuring enterprise application: D:\testjee\target\apache-tomee\webapps\ROOT
oct 02, 2017 8:38:46 PM org.apache.openejb.config.InitEjbDeployments deploy
INFORMACIÓN: Auto-deploying ejb MyEJB: EjbDeployment(deployment-id=MyEJB)
oct 02, 2017 8:38:46 PM org.apache.openejb.config.AppInfoBuilder build
INFORMACIÓN: Enterprise application "D:\testjee\target\apache-tomee\webapps\ROOT" loaded.
oct 02, 2017 8:38:46 PM org.apache.openejb.assembler.classic.Assembler createApplication
INFORMACIÓN: Assembling app: D:\testjee\target\apache-tomee\webapps\ROOT
oct 02, 2017 8:38:46 PM org.apache.openejb.assembler.classic.JndiBuilder bind
INFORMACIÓN: Jndi(name=MyEJBLocalBean) --> Ejb(deployment-id=MyEJB)
oct 02, 2017 8:38:46 PM org.apache.openejb.assembler.classic.JndiBuilder bind
INFORMACIÓN: Jndi(name=global//MyEJB!controller.MyEJB) --> Ejb(deployment-id=MyEJB)
oct 02, 2017 8:38:46 PM org.apache.openejb.assembler.classic.JndiBuilder bind
INFORMACIÓN: Jndi(name=global//MyEJB) --> Ejb(deployment-id=MyEJB)
oct 02, 2017 8:38:46 PM org.apache.openejb.cdi.CdiBuilder initSingleton
INFORMACIÓN: Existing thread singleton service in SystemInstance(): org.apache.openejb.cdi.ThreadSingletonServiceImpl@2473b9ce
oct 02, 2017 8:38:46 PM org.apache.openejb.cdi.OpenEJBLifecycle startApplication
INFORMACIÓN: OpenWebBeans Container is starting...
oct 02, 2017 8:38:46 PM org.apache.openejb.cdi.OpenEJBLifecycle startApplication
INFORMACIÓN: OpenWebBeans Container has started, it took 0 ms.
oct 02, 2017 8:38:46 PM org.apache.openejb.assembler.classic.Assembler startEjbs
INFORMACIÓN: Created Ejb(deployment-id=MyEJB, ejb-name=MyEJB, container=Default Stateless Container)
oct 02, 2017 8:38:46 PM org.apache.openejb.assembler.classic.Assembler startEjbs
INFORMACIÓN: Started Ejb(deployment-id=MyEJB, ejb-name=MyEJB, container=Default Stateless Container)
oct 02, 2017 8:38:46 PM org.apache.openejb.assembler.classic.Assembler createApplication
INFORMACIÓN: Deployed Application(path=D:\testjee\target\apache-tomee\webapps\ROOT)
oct 02, 2017 8:38:46 PM org.apache.tomee.myfaces.TomEEMyFacesContainerInitializer addListener
INFORMACIÓN: Installing <listener>org.apache.myfaces.webapp.StartupServletContextListener</listener>
oct 02, 2017 8:38:46 PM org.apache.catalina.core.StandardContext reload
INFORMACIÓN: Se ha completado la recarga de este Contexto
oct 02, 2017 8:40:05 PM org.apache.catalina.core.StandardContext reload
INFORMACIÓN: Ha comenzado la recarga de Contexto []
oct 02, 2017 8:40:05 PM org.apache.openejb.assembler.classic.Assembler destroyApplication
INFORMACIÓN: Undeploying app: D:\testjee\target\apache-tomee\webapps\ROOT
oct 02, 2017 8:40:06 PM org.apache.openejb.config.ConfigurationFactory configureApplication
INFORMACIÓN: Configuring enterprise application: D:\testjee\target\apache-tomee\webapps\ROOT
oct 02, 2017 8:40:06 PM org.apache.openejb.config.InitEjbDeployments deploy
INFORMACIÓN: Auto-deploying ejb MyEJB: EjbDeployment(deployment-id=MyEJB)
oct 02, 2017 8:40:06 PM org.apache.openejb.config.AppInfoBuilder build
INFORMACIÓN: Enterprise application "D:\testjee\target\apache-tomee\webapps\ROOT" loaded.
oct 02, 2017 8:40:06 PM org.apache.openejb.assembler.classic.Assembler createApplication
INFORMACIÓN: Assembling app: D:\testjee\target\apache-tomee\webapps\ROOT
oct 02, 2017 8:40:06 PM org.apache.openejb.assembler.classic.JndiBuilder bind
INFORMACIÓN: Jndi(name=MyEJBLocalBean) --> Ejb(deployment-id=MyEJB)
oct 02, 2017 8:40:06 PM org.apache.openejb.assembler.classic.JndiBuilder bind
INFORMACIÓN: Jndi(name=global//MyEJB!controller.MyEJB) --> Ejb(deployment-id=MyEJB)
oct 02, 2017 8:40:06 PM org.apache.openejb.assembler.classic.JndiBuilder bind
INFORMACIÓN: Jndi(name=global//MyEJB) --> Ejb(deployment-id=MyEJB)
oct 02, 2017 8:40:06 PM org.apache.openejb.cdi.CdiBuilder initSingleton
INFORMACIÓN: Existing thread singleton service in SystemInstance(): org.apache.openejb.cdi.ThreadSingletonServiceImpl@2473b9ce
oct 02, 2017 8:40:06 PM org.apache.openejb.cdi.OpenEJBLifecycle startApplication
INFORMACIÓN: OpenWebBeans Container is starting...
oct 02, 2017 8:40:06 PM org.apache.openejb.cdi.OpenEJBLifecycle startApplication
INFORMACIÓN: OpenWebBeans Container has started, it took 0 ms.
oct 02, 2017 8:40:06 PM org.apache.openejb.assembler.classic.Assembler startEjbs
INFORMACIÓN: Created Ejb(deployment-id=MyEJB, ejb-name=MyEJB, container=Default Stateless Container)
oct 02, 2017 8:40:06 PM org.apache.openejb.assembler.classic.Assembler startEjbs
INFORMACIÓN: Started Ejb(deployment-id=MyEJB, ejb-name=MyEJB, container=Default Stateless Container)
oct 02, 2017 8:40:06 PM org.apache.openejb.assembler.classic.Assembler createApplication
INFORMACIÓN: Deployed Application(path=D:\testjee\target\apache-tomee\webapps\ROOT)
oct 02, 2017 8:40:06 PM org.apache.tomee.myfaces.TomEEMyFacesContainerInitializer addListener
INFORMACIÓN: Installing <listener>org.apache.myfaces.webapp.StartupServletContextListener</listener>
oct 02, 2017 8:40:06 PM org.apache.catalina.core.StandardContext reload
INFORMACIÓN: Se ha completado la recarga de este Contexto
oct 02, 2017 8:40:15 PM org.apache.catalina.core.StandardContext reload
INFORMACIÓN: Ha comenzado la recarga de Contexto []
oct 02, 2017 8:40:15 PM org.apache.openejb.assembler.classic.Assembler destroyApplication
INFORMACIÓN: Undeploying app: D:\testjee\target\apache-tomee\webapps\ROOT
oct 02, 2017 8:40:16 PM org.apache.openejb.config.ConfigurationFactory configureApplication
INFORMACIÓN: Configuring enterprise application: D:\testjee\target\apache-tomee\webapps\ROOT
oct 02, 2017 8:40:16 PM org.apache.openejb.config.InitEjbDeployments deploy
INFORMACIÓN: Auto-deploying ejb MyEJB: EjbDeployment(deployment-id=MyEJB)
oct 02, 2017 8:40:16 PM org.apache.openejb.config.AppInfoBuilder build
INFORMACIÓN: Enterprise application "D:\testjee\target\apache-tomee\webapps\ROOT" loaded.
oct 02, 2017 8:40:16 PM org.apache.openejb.assembler.classic.Assembler createApplication
INFORMACIÓN: Assembling app: D:\testjee\target\apache-tomee\webapps\ROOT
oct 02, 2017 8:40:16 PM org.apache.openejb.assembler.classic.JndiBuilder bind
INFORMACIÓN: Jndi(name=MyEJBLocalBean) --> Ejb(deployment-id=MyEJB)
oct 02, 2017 8:40:16 PM org.apache.openejb.assembler.classic.JndiBuilder bind
INFORMACIÓN: Jndi(name=global//MyEJB!controller.MyEJB) --> Ejb(deployment-id=MyEJB)
oct 02, 2017 8:40:16 PM org.apache.openejb.assembler.classic.JndiBuilder bind
INFORMACIÓN: Jndi(name=global//MyEJB) --> Ejb(deployment-id=MyEJB)
oct 02, 2017 8:40:16 PM org.apache.openejb.cdi.CdiBuilder initSingleton
INFORMACIÓN: Existing thread singleton service in SystemInstance(): org.apache.openejb.cdi.ThreadSingletonServiceImpl@2473b9ce
oct 02, 2017 8:40:16 PM org.apache.openejb.cdi.OpenEJBLifecycle startApplication
INFORMACIÓN: OpenWebBeans Container is starting...
oct 02, 2017 8:40:16 PM org.apache.openejb.cdi.OpenEJBLifecycle startApplication
INFORMACIÓN: OpenWebBeans Container has started, it took 0 ms.
oct 02, 2017 8:40:16 PM org.apache.openejb.assembler.classic.Assembler startEjbs
INFORMACIÓN: Created Ejb(deployment-id=MyEJB, ejb-name=MyEJB, container=Default Stateless Container)
oct 02, 2017 8:40:16 PM org.apache.openejb.assembler.classic.Assembler startEjbs
INFORMACIÓN: Started Ejb(deployment-id=MyEJB, ejb-name=MyEJB, container=Default Stateless Container)
oct 02, 2017 8:40:16 PM org.apache.openejb.assembler.classic.Assembler createApplication
INFORMACIÓN: Deployed Application(path=D:\testjee\target\apache-tomee\webapps\ROOT)
oct 02, 2017 8:40:16 PM org.apache.tomee.myfaces.TomEEMyFacesContainerInitializer addListener
INFORMACIÓN: Installing <listener>org.apache.myfaces.webapp.StartupServletContextListener</listener>
oct 02, 2017 8:40:16 PM org.apache.catalina.core.StandardContext reload
INFORMACIÓN: Se ha completado la recarga de este Contexto
oct 02, 2017 8:43:35 PM org.apache.catalina.core.StandardContext reload
INFORMACIÓN: Ha comenzado la recarga de Contexto []
oct 02, 2017 8:43:35 PM org.apache.openejb.assembler.classic.Assembler destroyApplication
INFORMACIÓN: Undeploying app: D:\testjee\target\apache-tomee\webapps\ROOT
oct 02, 2017 8:43:36 PM org.apache.openejb.config.ConfigurationFactory configureApplication
INFORMACIÓN: Configuring enterprise application: D:\testjee\target\apache-tomee\webapps\ROOT
oct 02, 2017 8:43:36 PM org.apache.openejb.config.InitEjbDeployments deploy
INFORMACIÓN: Auto-deploying ejb MyEJB: EjbDeployment(deployment-id=MyEJB)
oct 02, 2017 8:43:36 PM org.apache.openejb.config.AppInfoBuilder build
INFORMACIÓN: Enterprise application "D:\testjee\target\apache-tomee\webapps\ROOT" loaded.
oct 02, 2017 8:43:36 PM org.apache.openejb.assembler.classic.Assembler createApplication
INFORMACIÓN: Assembling app: D:\testjee\target\apache-tomee\webapps\ROOT
oct 02, 2017 8:43:36 PM org.apache.openejb.assembler.classic.JndiBuilder bind
INFORMACIÓN: Jndi(name=MyEJBLocalBean) --> Ejb(deployment-id=MyEJB)
oct 02, 2017 8:43:36 PM org.apache.openejb.assembler.classic.JndiBuilder bind
INFORMACIÓN: Jndi(name=global//MyEJB!controller.MyEJB) --> Ejb(deployment-id=MyEJB)
oct 02, 2017 8:43:36 PM org.apache.openejb.assembler.classic.JndiBuilder bind
INFORMACIÓN: Jndi(name=global//MyEJB) --> Ejb(deployment-id=MyEJB)
oct 02, 2017 8:43:36 PM org.apache.openejb.cdi.CdiBuilder initSingleton
INFORMACIÓN: Existing thread singleton service in SystemInstance(): org.apache.openejb.cdi.ThreadSingletonServiceImpl@2473b9ce
oct 02, 2017 8:43:36 PM org.apache.openejb.cdi.OpenEJBLifecycle startApplication
INFORMACIÓN: OpenWebBeans Container is starting...
oct 02, 2017 8:43:36 PM org.apache.openejb.cdi.OpenEJBLifecycle startApplication
INFORMACIÓN: OpenWebBeans Container has started, it took 7 ms.
oct 02, 2017 8:43:36 PM org.apache.openejb.assembler.classic.Assembler startEjbs
INFORMACIÓN: Created Ejb(deployment-id=MyEJB, ejb-name=MyEJB, container=Default Stateless Container)
oct 02, 2017 8:43:36 PM org.apache.openejb.assembler.classic.Assembler startEjbs
INFORMACIÓN: Started Ejb(deployment-id=MyEJB, ejb-name=MyEJB, container=Default Stateless Container)
oct 02, 2017 8:43:36 PM org.apache.openejb.assembler.classic.Assembler createApplication
INFORMACIÓN: Deployed Application(path=D:\testjee\target\apache-tomee\webapps\ROOT)
oct 02, 2017 8:43:36 PM org.apache.tomee.myfaces.TomEEMyFacesContainerInitializer addListener
INFORMACIÓN: Installing <listener>org.apache.myfaces.webapp.StartupServletContextListener</listener>
oct 02, 2017 8:43:36 PM org.apache.catalina.core.StandardContext reload
INFORMACIÓN: Se ha completado la recarga de este Contexto
oct 02, 2017 8:47:35 PM org.apache.catalina.core.StandardContext reload
INFORMACIÓN: Ha comenzado la recarga de Contexto []
oct 02, 2017 8:47:35 PM org.apache.openejb.assembler.classic.Assembler destroyApplication
INFORMACIÓN: Undeploying app: D:\testjee\target\apache-tomee\webapps\ROOT
oct 02, 2017 8:47:36 PM org.apache.openejb.config.ConfigurationFactory configureApplication
INFORMACIÓN: Configuring enterprise application: D:\testjee\target\apache-tomee\webapps\ROOT
oct 02, 2017 8:47:36 PM org.apache.openejb.config.InitEjbDeployments deploy
INFORMACIÓN: Auto-deploying ejb MyEJB: EjbDeployment(deployment-id=MyEJB)
oct 02, 2017 8:47:36 PM org.apache.openejb.config.AppInfoBuilder build
INFORMACIÓN: Enterprise application "D:\testjee\target\apache-tomee\webapps\ROOT" loaded.
oct 02, 2017 8:47:36 PM org.apache.openejb.assembler.classic.Assembler createApplication
INFORMACIÓN: Assembling app: D:\testjee\target\apache-tomee\webapps\ROOT
oct 02, 2017 8:47:36 PM org.apache.openejb.assembler.classic.JndiBuilder bind
INFORMACIÓN: Jndi(name=MyEJBLocalBean) --> Ejb(deployment-id=MyEJB)
oct 02, 2017 8:47:36 PM org.apache.openejb.assembler.classic.JndiBuilder bind
INFORMACIÓN: Jndi(name=global//MyEJB!controller.MyEJB) --> Ejb(deployment-id=MyEJB)
oct 02, 2017 8:47:36 PM org.apache.openejb.assembler.classic.JndiBuilder bind
INFORMACIÓN: Jndi(name=global//MyEJB) --> Ejb(deployment-id=MyEJB)
oct 02, 2017 8:47:36 PM org.apache.openejb.cdi.CdiBuilder initSingleton
INFORMACIÓN: Existing thread singleton service in SystemInstance(): org.apache.openejb.cdi.ThreadSingletonServiceImpl@2473b9ce
oct 02, 2017 8:47:36 PM org.apache.openejb.cdi.OpenEJBLifecycle startApplication
INFORMACIÓN: OpenWebBeans Container is starting...
oct 02, 2017 8:47:36 PM org.apache.openejb.cdi.OpenEJBLifecycle startApplication
INFORMACIÓN: OpenWebBeans Container has started, it took 0 ms.
oct 02, 2017 8:47:36 PM org.apache.openejb.assembler.classic.Assembler startEjbs
INFORMACIÓN: Created Ejb(deployment-id=MyEJB, ejb-name=MyEJB, container=Default Stateless Container)
oct 02, 2017 8:47:36 PM org.apache.openejb.assembler.classic.Assembler startEjbs
INFORMACIÓN: Started Ejb(deployment-id=MyEJB, ejb-name=MyEJB, container=Default Stateless Container)
oct 02, 2017 8:47:36 PM org.apache.openejb.assembler.classic.Assembler createApplication
INFORMACIÓN: Deployed Application(path=D:\testjee\target\apache-tomee\webapps\ROOT)
oct 02, 2017 8:47:36 PM org.apache.tomee.myfaces.TomEEMyFacesContainerInitializer addListener
INFORMACIÓN: Installing <listener>org.apache.myfaces.webapp.StartupServletContextListener</listener>
oct 02, 2017 8:47:36 PM org.apache.catalina.core.StandardContext reload
INFORMACIÓN: Se ha completado la recarga de este Contexto
oct 02, 2017 8:47:40 PM org.apache.catalina.core.StandardContext reload
INFORMACIÓN: Ha comenzado la recarga de Contexto []
oct 02, 2017 8:47:40 PM org.apache.openejb.assembler.classic.Assembler destroyApplication
INFORMACIÓN: Undeploying app: D:\testjee\target\apache-tomee\webapps\ROOT
oct 02, 2017 8:47:41 PM org.apache.openejb.config.ConfigurationFactory configureApplication
INFORMACIÓN: Configuring enterprise application: D:\testjee\target\apache-tomee\webapps\ROOT
oct 02, 2017 8:47:41 PM org.apache.openejb.config.InitEjbDeployments deploy
INFORMACIÓN: Auto-deploying ejb MyEJB: EjbDeployment(deployment-id=MyEJB)
oct 02, 2017 8:47:41 PM org.apache.openejb.config.AppInfoBuilder build
INFORMACIÓN: Enterprise application "D:\testjee\target\apache-tomee\webapps\ROOT" loaded.
oct 02, 2017 8:47:41 PM org.apache.openejb.assembler.classic.Assembler createApplication
INFORMACIÓN: Assembling app: D:\testjee\target\apache-tomee\webapps\ROOT
oct 02, 2017 8:47:41 PM org.apache.openejb.assembler.classic.JndiBuilder bind
INFORMACIÓN: Jndi(name=MyEJBLocalBean) --> Ejb(deployment-id=MyEJB)
oct 02, 2017 8:47:41 PM org.apache.openejb.assembler.classic.JndiBuilder bind
INFORMACIÓN: Jndi(name=global//MyEJB!controller.MyEJB) --> Ejb(deployment-id=MyEJB)
oct 02, 2017 8:47:41 PM org.apache.openejb.assembler.classic.JndiBuilder bind
INFORMACIÓN: Jndi(name=global//MyEJB) --> Ejb(deployment-id=MyEJB)
oct 02, 2017 8:47:41 PM org.apache.openejb.cdi.CdiBuilder initSingleton
INFORMACIÓN: Existing thread singleton service in SystemInstance(): org.apache.openejb.cdi.ThreadSingletonServiceImpl@2473b9ce
oct 02, 2017 8:47:41 PM org.apache.openejb.cdi.OpenEJBLifecycle startApplication
INFORMACIÓN: OpenWebBeans Container is starting...
oct 02, 2017 8:47:41 PM org.apache.openejb.cdi.OpenEJBLifecycle startApplication
INFORMACIÓN: OpenWebBeans Container has started, it took 15 ms.
oct 02, 2017 8:47:41 PM org.apache.openejb.assembler.classic.Assembler startEjbs
INFORMACIÓN: Created Ejb(deployment-id=MyEJB, ejb-name=MyEJB, container=Default Stateless Container)
oct 02, 2017 8:47:41 PM org.apache.openejb.assembler.classic.Assembler startEjbs
INFORMACIÓN: Started Ejb(deployment-id=MyEJB, ejb-name=MyEJB, container=Default Stateless Container)
oct 02, 2017 8:47:41 PM org.apache.openejb.assembler.classic.Assembler createApplication
INFORMACIÓN: Deployed Application(path=D:\testjee\target\apache-tomee\webapps\ROOT)
oct 02, 2017 8:47:41 PM org.apache.tomee.myfaces.TomEEMyFacesContainerInitializer addListener
INFORMACIÓN: Installing <listener>org.apache.myfaces.webapp.StartupServletContextListener</listener>
oct 02, 2017 8:47:41 PM org.apache.catalina.core.StandardContext reload
INFORMACIÓN: Se ha completado la recarga de este Contexto
oct 02, 2017 8:47:50 PM org.apache.catalina.core.StandardContext reload
INFORMACIÓN: Ha comenzado la recarga de Contexto []
oct 02, 2017 8:47:50 PM org.apache.openejb.assembler.classic.Assembler destroyApplication
INFORMACIÓN: Undeploying app: D:\testjee\target\apache-tomee\webapps\ROOT
oct 02, 2017 8:47:51 PM org.apache.openejb.config.ConfigurationFactory configureApplication
INFORMACIÓN: Configuring enterprise application: D:\testjee\target\apache-tomee\webapps\ROOT
oct 02, 2017 8:47:51 PM org.apache.openejb.config.InitEjbDeployments deploy
INFORMACIÓN: Auto-deploying ejb MyEJB: EjbDeployment(deployment-id=MyEJB)
oct 02, 2017 8:47:51 PM org.apache.openejb.config.AppInfoBuilder build
INFORMACIÓN: Enterprise application "D:\testjee\target\apache-tomee\webapps\ROOT" loaded.
oct 02, 2017 8:47:51 PM org.apache.openejb.assembler.classic.Assembler createApplication
INFORMACIÓN: Assembling app: D:\testjee\target\apache-tomee\webapps\ROOT
oct 02, 2017 8:47:51 PM org.apache.openejb.assembler.classic.JndiBuilder bind
INFORMACIÓN: Jndi(name=MyEJBLocalBean) --> Ejb(deployment-id=MyEJB)
oct 02, 2017 8:47:51 PM org.apache.openejb.assembler.classic.JndiBuilder bind
INFORMACIÓN: Jndi(name=global//MyEJB!controller.MyEJB) --> Ejb(deployment-id=MyEJB)
oct 02, 2017 8:47:51 PM org.apache.openejb.assembler.classic.JndiBuilder bind
INFORMACIÓN: Jndi(name=global//MyEJB) --> Ejb(deployment-id=MyEJB)
oct 02, 2017 8:47:51 PM org.apache.openejb.cdi.CdiBuilder initSingleton
INFORMACIÓN: Existing thread singleton service in SystemInstance(): org.apache.openejb.cdi.ThreadSingletonServiceImpl@2473b9ce
oct 02, 2017 8:47:51 PM org.apache.openejb.cdi.OpenEJBLifecycle startApplication
INFORMACIÓN: OpenWebBeans Container is starting...
oct 02, 2017 8:47:51 PM org.apache.openejb.cdi.OpenEJBLifecycle startApplication
INFORMACIÓN: OpenWebBeans Container has started, it took 16 ms.
oct 02, 2017 8:47:51 PM org.apache.openejb.assembler.classic.Assembler startEjbs
INFORMACIÓN: Created Ejb(deployment-id=MyEJB, ejb-name=MyEJB, container=Default Stateless Container)
oct 02, 2017 8:47:51 PM org.apache.openejb.assembler.classic.Assembler startEjbs
INFORMACIÓN: Started Ejb(deployment-id=MyEJB, ejb-name=MyEJB, container=Default Stateless Container)
oct 02, 2017 8:47:51 PM org.apache.openejb.assembler.classic.Assembler createApplication
INFORMACIÓN: Deployed Application(path=D:\testjee\target\apache-tomee\webapps\ROOT)
oct 02, 2017 8:47:51 PM org.apache.tomee.myfaces.TomEEMyFacesContainerInitializer addListener
INFORMACIÓN: Installing <listener>org.apache.myfaces.webapp.StartupServletContextListener</listener>
oct 02, 2017 8:47:51 PM org.apache.catalina.core.StandardContext reload
INFORMACIÓN: Se ha completado la recarga de este Contexto
oct 02, 2017 8:48:00 PM org.apache.catalina.core.StandardContext reload
INFORMACIÓN: Ha comenzado la recarga de Contexto []
oct 02, 2017 8:48:00 PM org.apache.openejb.assembler.classic.Assembler destroyApplication
INFORMACIÓN: Undeploying app: D:\testjee\target\apache-tomee\webapps\ROOT
oct 02, 2017 8:48:01 PM org.apache.openejb.config.ConfigurationFactory configureApplication
INFORMACIÓN: Configuring enterprise application: D:\testjee\target\apache-tomee\webapps\ROOT
oct 02, 2017 8:48:01 PM org.apache.openejb.config.InitEjbDeployments deploy
INFORMACIÓN: Auto-deploying ejb MyEJB: EjbDeployment(deployment-id=MyEJB)
oct 02, 2017 8:48:01 PM org.apache.openejb.config.AppInfoBuilder build
INFORMACIÓN: Enterprise application "D:\testjee\target\apache-tomee\webapps\ROOT" loaded.
oct 02, 2017 8:48:01 PM org.apache.openejb.assembler.classic.Assembler createApplication
INFORMACIÓN: Assembling app: D:\testjee\target\apache-tomee\webapps\ROOT
oct 02, 2017 8:48:01 PM org.apache.openejb.assembler.classic.JndiBuilder bind
INFORMACIÓN: Jndi(name=MyEJBLocalBean) --> Ejb(deployment-id=MyEJB)
oct 02, 2017 8:48:01 PM org.apache.openejb.assembler.classic.JndiBuilder bind
INFORMACIÓN: Jndi(name=global//MyEJB!controller.MyEJB) --> Ejb(deployment-id=MyEJB)
oct 02, 2017 8:48:01 PM org.apache.openejb.assembler.classic.JndiBuilder bind
INFORMACIÓN: Jndi(name=global//MyEJB) --> Ejb(deployment-id=MyEJB)
oct 02, 2017 8:48:01 PM org.apache.openejb.cdi.CdiBuilder initSingleton
INFORMACIÓN: Existing thread singleton service in SystemInstance(): org.apache.openejb.cdi.ThreadSingletonServiceImpl@2473b9ce
oct 02, 2017 8:48:01 PM org.apache.openejb.cdi.OpenEJBLifecycle startApplication
INFORMACIÓN: OpenWebBeans Container is starting...
oct 02, 2017 8:48:01 PM org.apache.openejb.cdi.OpenEJBLifecycle startApplication
INFORMACIÓN: OpenWebBeans Container has started, it took 16 ms.
oct 02, 2017 8:48:01 PM org.apache.openejb.assembler.classic.Assembler startEjbs
INFORMACIÓN: Created Ejb(deployment-id=MyEJB, ejb-name=MyEJB, container=Default Stateless Container)
oct 02, 2017 8:48:01 PM org.apache.openejb.assembler.classic.Assembler startEjbs
INFORMACIÓN: Started Ejb(deployment-id=MyEJB, ejb-name=MyEJB, container=Default Stateless Container)
oct 02, 2017 8:48:01 PM org.apache.openejb.assembler.classic.Assembler createApplication
INFORMACIÓN: Deployed Application(path=D:\testjee\target\apache-tomee\webapps\ROOT)
oct 02, 2017 8:48:01 PM org.apache.tomee.myfaces.TomEEMyFacesContainerInitializer addListener
INFORMACIÓN: Installing <listener>org.apache.myfaces.webapp.StartupServletContextListener</listener>
oct 02, 2017 8:48:01 PM org.apache.catalina.core.StandardContext reload
INFORMACIÓN: Se ha completado la recarga de este Contexto
oct 02, 2017 8:50:15 PM org.apache.catalina.core.StandardContext reload
INFORMACIÓN: Ha comenzado la recarga de Contexto []
oct 02, 2017 8:50:15 PM org.apache.openejb.assembler.classic.Assembler destroyApplication
INFORMACIÓN: Undeploying app: D:\testjee\target\apache-tomee\webapps\ROOT
oct 02, 2017 8:50:16 PM org.apache.openejb.config.ConfigurationFactory configureApplication
INFORMACIÓN: Configuring enterprise application: D:\testjee\target\apache-tomee\webapps\ROOT
oct 02, 2017 8:50:16 PM org.apache.openejb.config.InitEjbDeployments deploy
INFORMACIÓN: Auto-deploying ejb MyEJB: EjbDeployment(deployment-id=MyEJB)
oct 02, 2017 8:50:16 PM org.apache.openejb.config.AppInfoBuilder build
INFORMACIÓN: Enterprise application "D:\testjee\target\apache-tomee\webapps\ROOT" loaded.
oct 02, 2017 8:50:16 PM org.apache.openejb.assembler.classic.Assembler createApplication
INFORMACIÓN: Assembling app: D:\testjee\target\apache-tomee\webapps\ROOT
oct 02, 2017 8:50:16 PM org.apache.openejb.assembler.classic.JndiBuilder bind
INFORMACIÓN: Jndi(name=MyEJBLocalBean) --> Ejb(deployment-id=MyEJB)
oct 02, 2017 8:50:16 PM org.apache.openejb.assembler.classic.JndiBuilder bind
INFORMACIÓN: Jndi(name=global//MyEJB!controller.MyEJB) --> Ejb(deployment-id=MyEJB)
oct 02, 2017 8:50:16 PM org.apache.openejb.assembler.classic.JndiBuilder bind
INFORMACIÓN: Jndi(name=global//MyEJB) --> Ejb(deployment-id=MyEJB)
oct 02, 2017 8:50:16 PM org.apache.openejb.cdi.CdiBuilder initSingleton
INFORMACIÓN: Existing thread singleton service in SystemInstance(): org.apache.openejb.cdi.ThreadSingletonServiceImpl@2473b9ce
oct 02, 2017 8:50:16 PM org.apache.openejb.cdi.OpenEJBLifecycle startApplication
INFORMACIÓN: OpenWebBeans Container is starting...
oct 02, 2017 8:50:16 PM org.apache.openejb.cdi.OpenEJBLifecycle startApplication
INFORMACIÓN: OpenWebBeans Container has started, it took 16 ms.
oct 02, 2017 8:50:16 PM org.apache.openejb.assembler.classic.Assembler startEjbs
INFORMACIÓN: Created Ejb(deployment-id=MyEJB, ejb-name=MyEJB, container=Default Stateless Container)
oct 02, 2017 8:50:16 PM org.apache.openejb.assembler.classic.Assembler startEjbs
INFORMACIÓN: Started Ejb(deployment-id=MyEJB, ejb-name=MyEJB, container=Default Stateless Container)
oct 02, 2017 8:50:16 PM org.apache.openejb.assembler.classic.Assembler createApplication
INFORMACIÓN: Deployed Application(path=D:\testjee\target\apache-tomee\webapps\ROOT)
oct 02, 2017 8:50:16 PM org.apache.tomee.myfaces.TomEEMyFacesContainerInitializer addListener
INFORMACIÓN: Installing <listener>org.apache.myfaces.webapp.StartupServletContextListener</listener>
oct 02, 2017 8:50:16 PM org.apache.catalina.core.StandardContext reload
INFORMACIÓN: Se ha completado la recarga de este Contexto
oct 02, 2017 8:56:25 PM org.apache.catalina.core.StandardContext reload
INFORMACIÓN: Ha comenzado la recarga de Contexto []
oct 02, 2017 8:56:25 PM org.apache.openejb.assembler.classic.Assembler destroyApplication
INFORMACIÓN: Undeploying app: D:\testjee\target\apache-tomee\webapps\ROOT
oct 02, 2017 8:56:26 PM org.apache.openejb.config.ConfigurationFactory configureApplication
INFORMACIÓN: Configuring enterprise application: D:\testjee\target\apache-tomee\webapps\ROOT
oct 02, 2017 8:56:26 PM org.apache.openejb.config.InitEjbDeployments deploy
INFORMACIÓN: Auto-deploying ejb MyEJB: EjbDeployment(deployment-id=MyEJB)
oct 02, 2017 8:56:26 PM org.apache.openejb.config.AppInfoBuilder build
INFORMACIÓN: Enterprise application "D:\testjee\target\apache-tomee\webapps\ROOT" loaded.
oct 02, 2017 8:56:26 PM org.apache.openejb.assembler.classic.Assembler createApplication
INFORMACIÓN: Assembling app: D:\testjee\target\apache-tomee\webapps\ROOT
oct 02, 2017 8:56:26 PM org.apache.openejb.assembler.classic.JndiBuilder bind
INFORMACIÓN: Jndi(name=MyEJBLocalBean) --> Ejb(deployment-id=MyEJB)
oct 02, 2017 8:56:26 PM org.apache.openejb.assembler.classic.JndiBuilder bind
INFORMACIÓN: Jndi(name=global//MyEJB!controller.MyEJB) --> Ejb(deployment-id=MyEJB)
oct 02, 2017 8:56:26 PM org.apache.openejb.assembler.classic.JndiBuilder bind
INFORMACIÓN: Jndi(name=global//MyEJB) --> Ejb(deployment-id=MyEJB)
oct 02, 2017 8:56:26 PM org.apache.openejb.cdi.CdiBuilder initSingleton
INFORMACIÓN: Existing thread singleton service in SystemInstance(): org.apache.openejb.cdi.ThreadSingletonServiceImpl@2473b9ce
oct 02, 2017 8:56:26 PM org.apache.openejb.cdi.OpenEJBLifecycle startApplication
INFORMACIÓN: OpenWebBeans Container is starting...
oct 02, 2017 8:56:26 PM org.apache.openejb.cdi.OpenEJBLifecycle startApplication
INFORMACIÓN: OpenWebBeans Container has started, it took 0 ms.
oct 02, 2017 8:56:26 PM org.apache.openejb.assembler.classic.Assembler startEjbs
INFORMACIÓN: Created Ejb(deployment-id=MyEJB, ejb-name=MyEJB, container=Default Stateless Container)
oct 02, 2017 8:56:26 PM org.apache.openejb.assembler.classic.Assembler startEjbs
INFORMACIÓN: Started Ejb(deployment-id=MyEJB, ejb-name=MyEJB, container=Default Stateless Container)
oct 02, 2017 8:56:26 PM org.apache.openejb.assembler.classic.Assembler createApplication
INFORMACIÓN: Deployed Application(path=D:\testjee\target\apache-tomee\webapps\ROOT)
oct 02, 2017 8:56:26 PM org.apache.tomee.myfaces.TomEEMyFacesContainerInitializer addListener
INFORMACIÓN: Installing <listener>org.apache.myfaces.webapp.StartupServletContextListener</listener>
oct 02, 2017 8:56:26 PM org.apache.catalina.core.StandardContext reload
INFORMACIÓN: Se ha completado la recarga de este Contexto
oct 02, 2017 9:06:25 PM org.apache.catalina.core.StandardContext reload
INFORMACIÓN: Ha comenzado la recarga de Contexto []
oct 02, 2017 9:06:25 PM org.apache.openejb.assembler.classic.Assembler destroyApplication
INFORMACIÓN: Undeploying app: D:\testjee\target\apache-tomee\webapps\ROOT
oct 02, 2017 9:06:26 PM org.apache.openejb.config.ConfigurationFactory configureApplication
INFORMACIÓN: Configuring enterprise application: D:\testjee\target\apache-tomee\webapps\ROOT
oct 02, 2017 9:06:26 PM org.apache.openejb.config.InitEjbDeployments deploy
INFORMACIÓN: Auto-deploying ejb MyEJB: EjbDeployment(deployment-id=MyEJB)
oct 02, 2017 9:06:26 PM org.apache.openejb.config.AppInfoBuilder build
INFORMACIÓN: Enterprise application "D:\testjee\target\apache-tomee\webapps\ROOT" loaded.
oct 02, 2017 9:06:26 PM org.apache.openejb.assembler.classic.Assembler createApplication
INFORMACIÓN: Assembling app: D:\testjee\target\apache-tomee\webapps\ROOT
oct 02, 2017 9:06:26 PM org.apache.openejb.assembler.classic.JndiBuilder bind
INFORMACIÓN: Jndi(name=MyEJBLocalBean) --> Ejb(deployment-id=MyEJB)
oct 02, 2017 9:06:26 PM org.apache.openejb.assembler.classic.JndiBuilder bind
INFORMACIÓN: Jndi(name=global//MyEJB!controller.MyEJB) --> Ejb(deployment-id=MyEJB)
oct 02, 2017 9:06:26 PM org.apache.openejb.assembler.classic.JndiBuilder bind
INFORMACIÓN: Jndi(name=global//MyEJB) --> Ejb(deployment-id=MyEJB)
oct 02, 2017 9:06:26 PM org.apache.openejb.cdi.CdiBuilder initSingleton
INFORMACIÓN: Existing thread singleton service in SystemInstance(): org.apache.openejb.cdi.ThreadSingletonServiceImpl@2473b9ce
oct 02, 2017 9:06:26 PM org.apache.openejb.cdi.OpenEJBLifecycle startApplication
INFORMACIÓN: OpenWebBeans Container is starting...
oct 02, 2017 9:06:26 PM org.apache.openejb.cdi.OpenEJBLifecycle startApplication
INFORMACIÓN: OpenWebBeans Container has started, it took 16 ms.
oct 02, 2017 9:06:26 PM org.apache.openejb.assembler.classic.Assembler startEjbs
INFORMACIÓN: Created Ejb(deployment-id=MyEJB, ejb-name=MyEJB, container=Default Stateless Container)
oct 02, 2017 9:06:26 PM org.apache.openejb.assembler.classic.Assembler startEjbs
INFORMACIÓN: Started Ejb(deployment-id=MyEJB, ejb-name=MyEJB, container=Default Stateless Container)
oct 02, 2017 9:06:26 PM org.apache.openejb.assembler.classic.Assembler createApplication
INFORMACIÓN: Deployed Application(path=D:\testjee\target\apache-tomee\webapps\ROOT)
oct 02, 2017 9:06:26 PM org.apache.tomee.myfaces.TomEEMyFacesContainerInitializer addListener
INFORMACIÓN: Installing <listener>org.apache.myfaces.webapp.StartupServletContextListener</listener>
oct 02, 2017 9:06:26 PM org.apache.catalina.core.StandardContext reload
INFORMACIÓN: Se ha completado la recarga de este Contexto
oct 02, 2017 9:12:00 PM org.apache.catalina.core.StandardContext reload
INFORMACIÓN: Ha comenzado la recarga de Contexto []
oct 02, 2017 9:12:00 PM org.apache.openejb.assembler.classic.Assembler destroyApplication
INFORMACIÓN: Undeploying app: D:\testjee\target\apache-tomee\webapps\ROOT
oct 02, 2017 9:12:01 PM org.apache.openejb.config.ConfigurationFactory configureApplication
INFORMACIÓN: Configuring enterprise application: D:\testjee\target\apache-tomee\webapps\ROOT
oct 02, 2017 9:12:01 PM org.apache.openejb.config.InitEjbDeployments deploy
INFORMACIÓN: Auto-deploying ejb DB: EjbDeployment(deployment-id=DB)
oct 02, 2017 9:12:01 PM org.apache.openejb.config.InitEjbDeployments deploy
INFORMACIÓN: Auto-deploying ejb MyEJB: EjbDeployment(deployment-id=MyEJB)
oct 02, 2017 9:12:01 PM org.apache.openejb.config.ConfigurationFactory configureService
INFORMACIÓN: Configuring Service(id=Default Singleton Container, type=Container, provider-id=Default Singleton Container)
oct 02, 2017 9:12:01 PM org.apache.openejb.config.AutoConfig createContainer
INFORMACIÓN: Auto-creating a container for bean DB: Container(type=SINGLETON, id=Default Singleton Container)
oct 02, 2017 9:12:01 PM org.apache.openejb.assembler.classic.Assembler createRecipe
INFORMACIÓN: Creating Container(id=Default Singleton Container)
oct 02, 2017 9:12:01 PM org.apache.openejb.config.AppInfoBuilder build
INFORMACIÓN: Enterprise application "D:\testjee\target\apache-tomee\webapps\ROOT" loaded.
oct 02, 2017 9:12:01 PM org.apache.openejb.assembler.classic.Assembler createApplication
INFORMACIÓN: Assembling app: D:\testjee\target\apache-tomee\webapps\ROOT
oct 02, 2017 9:12:01 PM org.apache.openejb.assembler.classic.JndiBuilder bind
INFORMACIÓN: Jndi(name=DBLocalBean) --> Ejb(deployment-id=DB)
oct 02, 2017 9:12:01 PM org.apache.openejb.assembler.classic.JndiBuilder bind
INFORMACIÓN: Jndi(name=global//DB!model.DB) --> Ejb(deployment-id=DB)
oct 02, 2017 9:12:01 PM org.apache.openejb.assembler.classic.JndiBuilder bind
INFORMACIÓN: Jndi(name=global//DB) --> Ejb(deployment-id=DB)
oct 02, 2017 9:12:01 PM org.apache.openejb.assembler.classic.JndiBuilder bind
INFORMACIÓN: Jndi(name=MyEJBLocalBean) --> Ejb(deployment-id=MyEJB)
oct 02, 2017 9:12:01 PM org.apache.openejb.assembler.classic.JndiBuilder bind
INFORMACIÓN: Jndi(name=global//MyEJB!controller.MyEJB) --> Ejb(deployment-id=MyEJB)
oct 02, 2017 9:12:01 PM org.apache.openejb.assembler.classic.JndiBuilder bind
INFORMACIÓN: Jndi(name=global//MyEJB) --> Ejb(deployment-id=MyEJB)
oct 02, 2017 9:12:01 PM org.apache.openejb.cdi.CdiBuilder initSingleton
INFORMACIÓN: Existing thread singleton service in SystemInstance(): org.apache.openejb.cdi.ThreadSingletonServiceImpl@2473b9ce
oct 02, 2017 9:12:01 PM org.apache.openejb.cdi.OpenEJBLifecycle startApplication
INFORMACIÓN: OpenWebBeans Container is starting...
oct 02, 2017 9:12:01 PM org.apache.openejb.cdi.OpenEJBLifecycle startApplication
INFORMACIÓN: OpenWebBeans Container has started, it took 0 ms.
oct 02, 2017 9:12:01 PM org.apache.openejb.assembler.classic.Assembler startEjbs
INFORMACIÓN: Created Ejb(deployment-id=MyEJB, ejb-name=MyEJB, container=Default Stateless Container)
oct 02, 2017 9:12:01 PM org.apache.openejb.assembler.classic.Assembler startEjbs
INFORMACIÓN: Created Ejb(deployment-id=DB, ejb-name=DB, container=Default Singleton Container)
oct 02, 2017 9:12:01 PM org.apache.openejb.assembler.classic.Assembler startEjbs
INFORMACIÓN: Started Ejb(deployment-id=MyEJB, ejb-name=MyEJB, container=Default Stateless Container)
oct 02, 2017 9:12:01 PM org.apache.openejb.assembler.classic.Assembler startEjbs
INFORMACIÓN: Started Ejb(deployment-id=DB, ejb-name=DB, container=Default Singleton Container)
oct 02, 2017 9:12:01 PM org.apache.openejb.assembler.classic.Assembler createApplication
INFORMACIÓN: Deployed Application(path=D:\testjee\target\apache-tomee\webapps\ROOT)
oct 02, 2017 9:12:01 PM org.apache.tomee.myfaces.TomEEMyFacesContainerInitializer addListener
INFORMACIÓN: Installing <listener>org.apache.myfaces.webapp.StartupServletContextListener</listener>
oct 02, 2017 9:12:01 PM org.apache.catalina.core.StandardContext reload
INFORMACIÓN: Se ha completado la recarga de este Contexto
oct 02, 2017 9:31:30 PM org.apache.catalina.core.StandardContext reload
INFORMACIÓN: Ha comenzado la recarga de Contexto []
oct 02, 2017 9:31:30 PM org.apache.openejb.assembler.classic.Assembler destroyApplication
INFORMACIÓN: Undeploying app: D:\testjee\target\apache-tomee\webapps\ROOT
oct 02, 2017 9:31:31 PM org.apache.openejb.config.ConfigurationFactory configureApplication
INFORMACIÓN: Configuring enterprise application: D:\testjee\target\apache-tomee\webapps\ROOT
oct 02, 2017 9:31:31 PM org.apache.openejb.config.InitEjbDeployments deploy
INFORMACIÓN: Auto-deploying ejb DB: EjbDeployment(deployment-id=DB)
oct 02, 2017 9:31:31 PM org.apache.openejb.config.InitEjbDeployments deploy
INFORMACIÓN: Auto-deploying ejb MyEJB: EjbDeployment(deployment-id=MyEJB)
oct 02, 2017 9:31:31 PM org.apache.openejb.config.AppInfoBuilder build
INFORMACIÓN: Enterprise application "D:\testjee\target\apache-tomee\webapps\ROOT" loaded.
oct 02, 2017 9:31:31 PM org.apache.openejb.assembler.classic.Assembler createApplication
INFORMACIÓN: Assembling app: D:\testjee\target\apache-tomee\webapps\ROOT
oct 02, 2017 9:31:31 PM org.apache.openejb.assembler.classic.JndiBuilder bind
INFORMACIÓN: Jndi(name=DBLocalBean) --> Ejb(deployment-id=DB)
oct 02, 2017 9:31:31 PM org.apache.openejb.assembler.classic.JndiBuilder bind
INFORMACIÓN: Jndi(name=global//DB!model.DB) --> Ejb(deployment-id=DB)
oct 02, 2017 9:31:31 PM org.apache.openejb.assembler.classic.JndiBuilder bind
INFORMACIÓN: Jndi(name=global//DB) --> Ejb(deployment-id=DB)
oct 02, 2017 9:31:31 PM org.apache.openejb.assembler.classic.JndiBuilder bind
INFORMACIÓN: Jndi(name=MyEJBLocalBean) --> Ejb(deployment-id=MyEJB)
oct 02, 2017 9:31:31 PM org.apache.openejb.assembler.classic.JndiBuilder bind
INFORMACIÓN: Jndi(name=global//MyEJB!controller.MyEJB) --> Ejb(deployment-id=MyEJB)
oct 02, 2017 9:31:31 PM org.apache.openejb.assembler.classic.JndiBuilder bind
INFORMACIÓN: Jndi(name=global//MyEJB) --> Ejb(deployment-id=MyEJB)
oct 02, 2017 9:31:31 PM org.apache.openejb.cdi.CdiBuilder initSingleton
INFORMACIÓN: Existing thread singleton service in SystemInstance(): org.apache.openejb.cdi.ThreadSingletonServiceImpl@2473b9ce
oct 02, 2017 9:31:31 PM org.apache.openejb.cdi.OpenEJBLifecycle startApplication
INFORMACIÓN: OpenWebBeans Container is starting...
oct 02, 2017 9:31:31 PM org.apache.openejb.cdi.OpenEJBLifecycle startApplication
INFORMACIÓN: OpenWebBeans Container has started, it took 9 ms.
oct 02, 2017 9:31:31 PM org.apache.openejb.assembler.classic.Assembler startEjbs
INFORMACIÓN: Created Ejb(deployment-id=MyEJB, ejb-name=MyEJB, container=Default Stateless Container)
oct 02, 2017 9:31:31 PM org.apache.openejb.assembler.classic.Assembler startEjbs
INFORMACIÓN: Created Ejb(deployment-id=DB, ejb-name=DB, container=Default Singleton Container)
oct 02, 2017 9:31:31 PM org.apache.openejb.assembler.classic.Assembler startEjbs
INFORMACIÓN: Started Ejb(deployment-id=MyEJB, ejb-name=MyEJB, container=Default Stateless Container)
oct 02, 2017 9:31:31 PM org.apache.openejb.assembler.classic.Assembler startEjbs
INFORMACIÓN: Started Ejb(deployment-id=DB, ejb-name=DB, container=Default Singleton Container)
oct 02, 2017 9:31:31 PM org.apache.openejb.assembler.classic.Assembler createApplication
INFORMACIÓN: Deployed Application(path=D:\testjee\target\apache-tomee\webapps\ROOT)
oct 02, 2017 9:31:31 PM org.apache.tomee.myfaces.TomEEMyFacesContainerInitializer addListener
INFORMACIÓN: Installing <listener>org.apache.myfaces.webapp.StartupServletContextListener</listener>
oct 02, 2017 9:31:31 PM org.apache.catalina.core.StandardContext reload
INFORMACIÓN: Se ha completado la recarga de este Contexto
oct 02, 2017 9:31:40 PM org.apache.catalina.core.StandardContext reload
INFORMACIÓN: Ha comenzado la recarga de Contexto []
oct 02, 2017 9:31:40 PM org.apache.openejb.assembler.classic.Assembler destroyApplication
INFORMACIÓN: Undeploying app: D:\testjee\target\apache-tomee\webapps\ROOT
oct 02, 2017 9:31:41 PM org.apache.openejb.config.ConfigurationFactory configureApplication
INFORMACIÓN: Configuring enterprise application: D:\testjee\target\apache-tomee\webapps\ROOT
oct 02, 2017 9:31:41 PM org.apache.openejb.config.InitEjbDeployments deploy
INFORMACIÓN: Auto-deploying ejb DB: EjbDeployment(deployment-id=DB)
oct 02, 2017 9:31:41 PM org.apache.openejb.config.InitEjbDeployments deploy
INFORMACIÓN: Auto-deploying ejb MyEJB: EjbDeployment(deployment-id=MyEJB)
oct 02, 2017 9:31:41 PM org.apache.openejb.config.AppInfoBuilder build
INFORMACIÓN: Enterprise application "D:\testjee\target\apache-tomee\webapps\ROOT" loaded.
oct 02, 2017 9:31:41 PM org.apache.openejb.assembler.classic.Assembler createApplication
INFORMACIÓN: Assembling app: D:\testjee\target\apache-tomee\webapps\ROOT
oct 02, 2017 9:31:41 PM org.apache.openejb.assembler.classic.JndiBuilder bind
INFORMACIÓN: Jndi(name=DBLocalBean) --> Ejb(deployment-id=DB)
oct 02, 2017 9:31:41 PM org.apache.openejb.assembler.classic.JndiBuilder bind
INFORMACIÓN: Jndi(name=global//DB!model.DB) --> Ejb(deployment-id=DB)
oct 02, 2017 9:31:41 PM org.apache.openejb.assembler.classic.JndiBuilder bind
INFORMACIÓN: Jndi(name=global//DB) --> Ejb(deployment-id=DB)
oct 02, 2017 9:31:41 PM org.apache.openejb.assembler.classic.JndiBuilder bind
INFORMACIÓN: Jndi(name=MyEJBLocalBean) --> Ejb(deployment-id=MyEJB)
oct 02, 2017 9:31:41 PM org.apache.openejb.assembler.classic.JndiBuilder bind
INFORMACIÓN: Jndi(name=global//MyEJB!controller.MyEJB) --> Ejb(deployment-id=MyEJB)
oct 02, 2017 9:31:41 PM org.apache.openejb.assembler.classic.JndiBuilder bind
INFORMACIÓN: Jndi(name=global//MyEJB) --> Ejb(deployment-id=MyEJB)
oct 02, 2017 9:31:41 PM org.apache.openejb.cdi.CdiBuilder initSingleton
INFORMACIÓN: Existing thread singleton service in SystemInstance(): org.apache.openejb.cdi.ThreadSingletonServiceImpl@2473b9ce
oct 02, 2017 9:31:41 PM org.apache.openejb.cdi.OpenEJBLifecycle startApplication
INFORMACIÓN: OpenWebBeans Container is starting...
oct 02, 2017 9:31:41 PM org.apache.openejb.cdi.OpenEJBLifecycle startApplication
INFORMACIÓN: OpenWebBeans Container has started, it took 7 ms.
oct 02, 2017 9:31:41 PM org.apache.openejb.assembler.classic.Assembler startEjbs
INFORMACIÓN: Created Ejb(deployment-id=MyEJB, ejb-name=MyEJB, container=Default Stateless Container)
oct 02, 2017 9:31:41 PM org.apache.openejb.assembler.classic.Assembler startEjbs
INFORMACIÓN: Created Ejb(deployment-id=DB, ejb-name=DB, container=Default Singleton Container)
oct 02, 2017 9:31:41 PM org.apache.openejb.assembler.classic.Assembler startEjbs
INFORMACIÓN: Started Ejb(deployment-id=MyEJB, ejb-name=MyEJB, container=Default Stateless Container)
oct 02, 2017 9:31:41 PM org.apache.openejb.assembler.classic.Assembler startEjbs
INFORMACIÓN: Started Ejb(deployment-id=DB, ejb-name=DB, container=Default Singleton Container)
oct 02, 2017 9:31:41 PM org.apache.openejb.assembler.classic.Assembler createApplication
INFORMACIÓN: Deployed Application(path=D:\testjee\target\apache-tomee\webapps\ROOT)
oct 02, 2017 9:31:41 PM org.apache.tomee.myfaces.TomEEMyFacesContainerInitializer addListener
INFORMACIÓN: Installing <listener>org.apache.myfaces.webapp.StartupServletContextListener</listener>
oct 02, 2017 9:31:41 PM org.apache.catalina.core.StandardContext reload
INFORMACIÓN: Se ha completado la recarga de este Contexto
oct 02, 2017 9:34:15 PM org.apache.catalina.core.StandardContext reload
INFORMACIÓN: Ha comenzado la recarga de Contexto []
oct 02, 2017 9:34:15 PM org.apache.openejb.assembler.classic.Assembler destroyApplication
INFORMACIÓN: Undeploying app: D:\testjee\target\apache-tomee\webapps\ROOT
oct 02, 2017 9:34:16 PM org.apache.openejb.config.ConfigurationFactory configureApplication
INFORMACIÓN: Configuring enterprise application: D:\testjee\target\apache-tomee\webapps\ROOT
oct 02, 2017 9:34:16 PM org.apache.openejb.config.InitEjbDeployments deploy
INFORMACIÓN: Auto-deploying ejb DB: EjbDeployment(deployment-id=DB)
oct 02, 2017 9:34:16 PM org.apache.openejb.config.InitEjbDeployments deploy
INFORMACIÓN: Auto-deploying ejb MyEJB: EjbDeployment(deployment-id=MyEJB)
oct 02, 2017 9:34:16 PM org.apache.openejb.config.AppInfoBuilder build
INFORMACIÓN: Enterprise application "D:\testjee\target\apache-tomee\webapps\ROOT" loaded.
oct 02, 2017 9:34:16 PM org.apache.openejb.assembler.classic.Assembler createApplication
INFORMACIÓN: Assembling app: D:\testjee\target\apache-tomee\webapps\ROOT
oct 02, 2017 9:34:16 PM org.apache.openejb.assembler.classic.JndiBuilder bind
INFORMACIÓN: Jndi(name=DBLocalBean) --> Ejb(deployment-id=DB)
oct 02, 2017 9:34:16 PM org.apache.openejb.assembler.classic.JndiBuilder bind
INFORMACIÓN: Jndi(name=global//DB!model.DB) --> Ejb(deployment-id=DB)
oct 02, 2017 9:34:16 PM org.apache.openejb.assembler.classic.JndiBuilder bind
INFORMACIÓN: Jndi(name=global//DB) --> Ejb(deployment-id=DB)
oct 02, 2017 9:34:16 PM org.apache.openejb.assembler.classic.JndiBuilder bind
INFORMACIÓN: Jndi(name=MyEJBLocalBean) --> Ejb(deployment-id=MyEJB)
oct 02, 2017 9:34:16 PM org.apache.openejb.assembler.classic.JndiBuilder bind
INFORMACIÓN: Jndi(name=global//MyEJB!controller.MyEJB) --> Ejb(deployment-id=MyEJB)
oct 02, 2017 9:34:16 PM org.apache.openejb.assembler.classic.JndiBuilder bind
INFORMACIÓN: Jndi(name=global//MyEJB) --> Ejb(deployment-id=MyEJB)
oct 02, 2017 9:34:16 PM org.apache.openejb.cdi.CdiBuilder initSingleton
INFORMACIÓN: Existing thread singleton service in SystemInstance(): org.apache.openejb.cdi.ThreadSingletonServiceImpl@2473b9ce
oct 02, 2017 9:34:16 PM org.apache.openejb.cdi.OpenEJBLifecycle startApplication
INFORMACIÓN: OpenWebBeans Container is starting...
oct 02, 2017 9:34:16 PM org.apache.openejb.cdi.OpenEJBLifecycle startApplication
INFORMACIÓN: OpenWebBeans Container has started, it took 15 ms.
oct 02, 2017 9:34:16 PM org.apache.openejb.assembler.classic.Assembler startEjbs
INFORMACIÓN: Created Ejb(deployment-id=MyEJB, ejb-name=MyEJB, container=Default Stateless Container)
oct 02, 2017 9:34:16 PM org.apache.openejb.assembler.classic.Assembler startEjbs
INFORMACIÓN: Created Ejb(deployment-id=DB, ejb-name=DB, container=Default Singleton Container)
oct 02, 2017 9:34:16 PM org.apache.openejb.assembler.classic.Assembler startEjbs
INFORMACIÓN: Started Ejb(deployment-id=MyEJB, ejb-name=MyEJB, container=Default Stateless Container)
oct 02, 2017 9:34:16 PM org.apache.openejb.assembler.classic.Assembler startEjbs
INFORMACIÓN: Started Ejb(deployment-id=DB, ejb-name=DB, container=Default Singleton Container)
oct 02, 2017 9:34:16 PM org.apache.openejb.assembler.classic.Assembler createApplication
INFORMACIÓN: Deployed Application(path=D:\testjee\target\apache-tomee\webapps\ROOT)
oct 02, 2017 9:34:16 PM org.apache.tomee.myfaces.TomEEMyFacesContainerInitializer addListener
INFORMACIÓN: Installing <listener>org.apache.myfaces.webapp.StartupServletContextListener</listener>
oct 02, 2017 9:34:16 PM org.apache.catalina.core.StandardContext reload
INFORMACIÓN: Se ha completado la recarga de este Contexto
oct 02, 2017 9:34:30 PM org.apache.catalina.core.StandardContext reload
INFORMACIÓN: Ha comenzado la recarga de Contexto []
oct 02, 2017 9:34:30 PM org.apache.openejb.assembler.classic.Assembler destroyApplication
INFORMACIÓN: Undeploying app: D:\testjee\target\apache-tomee\webapps\ROOT
oct 02, 2017 9:34:31 PM org.apache.openejb.config.ConfigurationFactory configureApplication
INFORMACIÓN: Configuring enterprise application: D:\testjee\target\apache-tomee\webapps\ROOT
oct 02, 2017 9:34:31 PM org.apache.openejb.config.InitEjbDeployments deploy
INFORMACIÓN: Auto-deploying ejb DB: EjbDeployment(deployment-id=DB)
oct 02, 2017 9:34:31 PM org.apache.openejb.config.InitEjbDeployments deploy
INFORMACIÓN: Auto-deploying ejb UserController: EjbDeployment(deployment-id=UserController)
oct 02, 2017 9:34:31 PM org.apache.openejb.config.InitEjbDeployments deploy
INFORMACIÓN: Auto-deploying ejb MyEJB: EjbDeployment(deployment-id=MyEJB)
oct 02, 2017 9:34:31 PM org.apache.openejb.config.AppInfoBuilder build
INFORMACIÓN: Enterprise application "D:\testjee\target\apache-tomee\webapps\ROOT" loaded.
oct 02, 2017 9:34:31 PM org.apache.openejb.assembler.classic.Assembler createApplication
INFORMACIÓN: Assembling app: D:\testjee\target\apache-tomee\webapps\ROOT
oct 02, 2017 9:34:31 PM org.apache.openejb.assembler.classic.JndiBuilder bind
INFORMACIÓN: Jndi(name=DBLocalBean) --> Ejb(deployment-id=DB)
oct 02, 2017 9:34:31 PM org.apache.openejb.assembler.classic.JndiBuilder bind
INFORMACIÓN: Jndi(name=global//DB!model.DB) --> Ejb(deployment-id=DB)
oct 02, 2017 9:34:31 PM org.apache.openejb.assembler.classic.JndiBuilder bind
INFORMACIÓN: Jndi(name=global//DB) --> Ejb(deployment-id=DB)
oct 02, 2017 9:34:31 PM org.apache.openejb.assembler.classic.JndiBuilder bind
INFORMACIÓN: Jndi(name=UserControllerLocalBean) --> Ejb(deployment-id=UserController)
oct 02, 2017 9:34:31 PM org.apache.openejb.assembler.classic.JndiBuilder bind
INFORMACIÓN: Jndi(name=global//UserController!controller.UserController) --> Ejb(deployment-id=UserController)
oct 02, 2017 9:34:31 PM org.apache.openejb.assembler.classic.JndiBuilder bind
INFORMACIÓN: Jndi(name=global//UserController) --> Ejb(deployment-id=UserController)
oct 02, 2017 9:34:31 PM org.apache.openejb.assembler.classic.JndiBuilder bind
INFORMACIÓN: Jndi(name=MyEJBLocalBean) --> Ejb(deployment-id=MyEJB)
oct 02, 2017 9:34:31 PM org.apache.openejb.assembler.classic.JndiBuilder bind
INFORMACIÓN: Jndi(name=global//MyEJB!controller.MyEJB) --> Ejb(deployment-id=MyEJB)
oct 02, 2017 9:34:31 PM org.apache.openejb.assembler.classic.JndiBuilder bind
INFORMACIÓN: Jndi(name=global//MyEJB) --> Ejb(deployment-id=MyEJB)
oct 02, 2017 9:34:31 PM org.apache.openejb.cdi.CdiBuilder initSingleton
INFORMACIÓN: Existing thread singleton service in SystemInstance(): org.apache.openejb.cdi.ThreadSingletonServiceImpl@2473b9ce
oct 02, 2017 9:34:31 PM org.apache.openejb.cdi.OpenEJBLifecycle startApplication
INFORMACIÓN: OpenWebBeans Container is starting...
oct 02, 2017 9:34:31 PM org.apache.openejb.cdi.OpenEJBLifecycle startApplication
INFORMACIÓN: OpenWebBeans Container has started, it took 0 ms.
oct 02, 2017 9:34:31 PM org.apache.openejb.assembler.classic.Assembler startEjbs
INFORMACIÓN: Created Ejb(deployment-id=MyEJB, ejb-name=MyEJB, container=Default Stateless Container)
oct 02, 2017 9:34:31 PM org.apache.openejb.assembler.classic.Assembler startEjbs
INFORMACIÓN: Created Ejb(deployment-id=UserController, ejb-name=UserController, container=Default Stateless Container)
oct 02, 2017 9:34:31 PM org.apache.openejb.assembler.classic.Assembler startEjbs
INFORMACIÓN: Created Ejb(deployment-id=DB, ejb-name=DB, container=Default Singleton Container)
oct 02, 2017 9:34:31 PM org.apache.openejb.assembler.classic.Assembler startEjbs
INFORMACIÓN: Started Ejb(deployment-id=MyEJB, ejb-name=MyEJB, container=Default Stateless Container)
oct 02, 2017 9:34:31 PM org.apache.openejb.assembler.classic.Assembler startEjbs
INFORMACIÓN: Started Ejb(deployment-id=UserController, ejb-name=UserController, container=Default Stateless Container)
oct 02, 2017 9:34:31 PM org.apache.openejb.assembler.classic.Assembler startEjbs
INFORMACIÓN: Started Ejb(deployment-id=DB, ejb-name=DB, container=Default Singleton Container)
oct 02, 2017 9:34:31 PM org.apache.openejb.assembler.classic.Assembler createApplication
INFORMACIÓN: Deployed Application(path=D:\testjee\target\apache-tomee\webapps\ROOT)
oct 02, 2017 9:34:31 PM org.apache.tomee.myfaces.TomEEMyFacesContainerInitializer addListener
INFORMACIÓN: Installing <listener>org.apache.myfaces.webapp.StartupServletContextListener</listener>
oct 02, 2017 9:34:31 PM org.apache.catalina.core.StandardContext reload
INFORMACIÓN: Se ha completado la recarga de este Contexto
oct 02, 2017 9:37:45 PM org.apache.catalina.core.StandardServer await
INFORMACIÓN: Se ha recibido un comando de apagado a través del puerto de apagado. Parando la instancia del Servidor.
oct 02, 2017 9:37:45 PM org.apache.coyote.AbstractProtocol pause
INFORMACIÓN: Pausing ProtocolHandler ["http-bio-8080"]
oct 02, 2017 9:37:45 PM org.apache.coyote.AbstractProtocol pause
INFORMACIÓN: Pausing ProtocolHandler ["ajp-bio-8009"]
oct 02, 2017 9:37:45 PM org.apache.catalina.core.StandardService stopInternal
INFORMACIÓN: Parando servicio Catalina
oct 02, 2017 9:37:45 PM org.apache.openejb.assembler.classic.Assembler destroyApplication
INFORMACIÓN: Undeploying app: D:\testjee\target\apache-tomee\webapps\ROOT
oct 02, 2017 9:37:45 PM org.apache.coyote.AbstractProtocol stop
INFORMACIÓN: Stopping ProtocolHandler ["http-bio-8080"]
oct 02, 2017 9:37:45 PM org.apache.coyote.AbstractProtocol stop
INFORMACIÓN: Stopping ProtocolHandler ["ajp-bio-8009"]
oct 02, 2017 9:37:45 PM org.apache.openejb.server.SimpleServiceManager stop
INFORMACIÓN: Stopping server services
oct 02, 2017 9:37:45 PM org.apache.openejb.assembler.classic.Assembler destroyApplication
INFORMACIÓN: Undeploying app: openejb
oct 02, 2017 9:37:45 PM org.apache.coyote.AbstractProtocol destroy
INFORMACIÓN: Destroying ProtocolHandler ["http-bio-8080"]
oct 02, 2017 9:37:45 PM org.apache.coyote.AbstractProtocol destroy
INFORMACIÓN: Destroying ProtocolHandler ["ajp-bio-8009"]
